<?xml version="1.0" encoding="UTF-8"?>
<testsuite name="com.dms.web.HelloControllerTest" tests="2" skipped="0" failures="0" errors="0" timestamp="2021-05-21T01:55:35" hostname="springpractice" time="0.344">
  <properties/>
  <testcase name="hello가_리턴된다()" classname="com.dms.web.HelloControllerTest" time="0.158"/>
  <testcase name="helloDto가_리턴된다()" classname="com.dms.web.HelloControllerTest" time="0.181"/>
  <system-out><![CDATA[2021-05-21 10:55:34.076  INFO 6966 --- [    Test worker] .b.t.a.w.s.WebMvcTestContextBootstrapper : Neither @ContextConfiguration nor @ContextHierarchy found for test class [com.dms.web.HelloControllerTest], using SpringBootContextLoader
2021-05-21 10:55:34.079  INFO 6966 --- [    Test worker] o.s.t.c.support.AbstractContextLoader    : Could not detect default resource locations for test class [com.dms.web.HelloControllerTest]: no resource found for suffixes {-context.xml, Context.groovy}.
2021-05-21 10:55:34.081  INFO 6966 --- [    Test worker] t.c.s.AnnotationConfigContextLoaderUtils : Could not detect default configuration classes for test class [com.dms.web.HelloControllerTest]: HelloControllerTest does not declare any static, non-private, non-final, nested classes annotated with @Configuration.
2021-05-21 10:55:34.120  INFO 6966 --- [    Test worker] .b.t.c.SpringBootTestContextBootstrapper : Found @SpringBootConfiguration com.dms.Application for test class com.dms.web.HelloControllerTest
2021-05-21 10:55:34.125  INFO 6966 --- [    Test worker] .b.t.a.w.s.WebMvcTestContextBootstrapper : Loaded default TestExecutionListener class names from location [META-INF/spring.factories]: [org.springframework.security.test.context.support.WithSecurityContextTestExecutionListener, org.springframework.security.test.context.support.ReactorContextTestExecutionListener, org.springframework.boot.test.autoconfigure.restdocs.RestDocsTestExecutionListener, org.springframework.boot.test.autoconfigure.web.client.MockRestServiceServerResetTestExecutionListener, org.springframework.boot.test.autoconfigure.web.servlet.MockMvcPrintOnlyOnFailureTestExecutionListener, org.springframework.boot.test.autoconfigure.web.servlet.WebDriverTestExecutionListener, org.springframework.boot.test.autoconfigure.webservices.client.MockWebServiceServerTestExecutionListener, org.springframework.boot.test.mock.mockito.MockitoTestExecutionListener, org.springframework.boot.test.mock.mockito.ResetMocksTestExecutionListener, org.springframework.test.context.web.ServletTestExecutionListener, org.springframework.test.context.support.DirtiesContextBeforeModesTestExecutionListener, org.springframework.test.context.support.DependencyInjectionTestExecutionListener, org.springframework.test.context.support.DirtiesContextTestExecutionListener, org.springframework.test.context.transaction.TransactionalTestExecutionListener, org.springframework.test.context.jdbc.SqlScriptsTestExecutionListener, org.springframework.test.context.event.EventPublishingTestExecutionListener]
2021-05-21 10:55:34.130  INFO 6966 --- [    Test worker] .b.t.a.w.s.WebMvcTestContextBootstrapper : Using TestExecutionListeners: [org.springframework.test.context.web.ServletTestExecutionListener@5c9a2703, org.springframework.test.context.support.DirtiesContextBeforeModesTestExecutionListener@2d1cb1d1, org.springframework.boot.test.mock.mockito.MockitoTestExecutionListener@7b6071d3, org.springframework.boot.test.autoconfigure.SpringBootDependencyInjectionTestExecutionListener@38cb342, org.springframework.test.context.support.DirtiesContextTestExecutionListener@ea33e0f, org.springframework.test.context.transaction.TransactionalTestExecutionListener@46f99433, org.springframework.test.context.jdbc.SqlScriptsTestExecutionListener@3eef8bd6, org.springframework.security.test.context.support.WithSecurityContextTestExecutionListener@581f39ea, org.springframework.test.context.event.EventPublishingTestExecutionListener@4f5b37a0, org.springframework.security.test.context.support.ReactorContextTestExecutionListener@45097a74, org.springframework.boot.test.autoconfigure.restdocs.RestDocsTestExecutionListener@7fae838, org.springframework.boot.test.autoconfigure.web.client.MockRestServiceServerResetTestExecutionListener@260b4144, org.springframework.boot.test.autoconfigure.web.servlet.MockMvcPrintOnlyOnFailureTestExecutionListener@30fb8412, org.springframework.boot.test.autoconfigure.web.servlet.WebDriverTestExecutionListener@3eaf92a3, org.springframework.boot.test.autoconfigure.webservices.client.MockWebServiceServerTestExecutionListener@6e440666, org.springframework.boot.test.mock.mockito.ResetMocksTestExecutionListener@12b96b8b]

  .   ____          _            __ _ _
 /\\ / ___'_ __ _ _(_)_ __  __ _ \ \ \ \
( ( )\___ | '_ | '_| | '_ \/ _` | \ \ \ \
 \\/  ___)| |_)| | | | | || (_| |  ) ) ) )
  '  |____| .__|_| |_|_| |_\__, | / / / /
 =========|_|==============|___/=/_/_/_/
 :: Spring Boot ::                (v2.4.1)

2021-05-21 10:55:34.191  INFO 6966 --- [    Test worker] com.dms.web.HelloControllerTest          : Starting HelloControllerTest using Java 1.8.0_282 on springpractice with PID 6966 (started by ec2-user in /home/ec2-user/app/step1/SpringBoot_AWS_Practice_Project)
2021-05-21 10:55:34.196  INFO 6966 --- [    Test worker] com.dms.web.HelloControllerTest          : No active profile set, falling back to default profiles: default
2021-05-21 10:55:34.889  INFO 6966 --- [    Test worker] o.s.s.concurrent.ThreadPoolTaskExecutor  : Initializing ExecutorService 'applicationTaskExecutor'
2021-05-21 10:55:34.954  INFO 6966 --- [    Test worker] o.s.b.a.w.s.WelcomePageHandlerMapping    : Adding welcome page template: index
2021-05-21 10:55:35.538  INFO 6966 --- [    Test worker] o.s.s.web.DefaultSecurityFilterChain     : Will secure any request with [org.springframework.security.web.context.request.async.WebAsyncManagerIntegrationFilter@136f392f, org.springframework.security.web.context.SecurityContextPersistenceFilter@7931d6a3, org.springframework.security.web.header.HeaderWriterFilter@2e6701a7, org.springframework.security.web.csrf.CsrfFilter@24b49d5b, org.springframework.security.web.authentication.logout.LogoutFilter@17c16334, org.springframework.security.oauth2.client.web.OAuth2AuthorizationRequestRedirectFilter@3fcde740, org.springframework.security.oauth2.client.web.OAuth2AuthorizationRequestRedirectFilter@378e92b, org.springframework.security.oauth2.client.web.OAuth2LoginAuthenticationFilter@494f1f22, org.springframework.security.web.authentication.ui.DefaultLoginPageGeneratingFilter@57656471, org.springframework.security.web.authentication.ui.DefaultLogoutPageGeneratingFilter@2d79026b, org.springframework.security.web.savedrequest.RequestCacheAwareFilter@10ea11cc, org.springframework.security.web.servletapi.SecurityContextHolderAwareRequestFilter@616504f, org.springframework.security.web.authentication.AnonymousAuthenticationFilter@1f1d37a3, org.springframework.security.oauth2.client.web.OAuth2AuthorizationCodeGrantFilter@1266e01, org.springframework.security.web.session.SessionManagementFilter@2eb90f75, org.springframework.security.web.access.ExceptionTranslationFilter@72237223, org.springframework.security.web.access.intercept.FilterSecurityInterceptor@72d239e2]
2021-05-21 10:55:35.713  INFO 6966 --- [    Test worker] o.s.b.t.m.w.SpringBootMockServletContext : Initializing Spring TestDispatcherServlet ''
2021-05-21 10:55:35.715  INFO 6966 --- [    Test worker] o.s.t.web.servlet.TestDispatcherServlet  : Initializing Servlet ''
2021-05-21 10:55:35.720  INFO 6966 --- [    Test worker] o.s.t.web.servlet.TestDispatcherServlet  : Completed initialization in 5 ms
2021-05-21 10:55:35.755  INFO 6966 --- [    Test worker] com.dms.web.HelloControllerTest          : Started HelloControllerTest in 1.621 seconds (JVM running for 17.574)
]]></system-out>
  <system-err><![CDATA[]]></system-err>
</testsuite>
