<?xml version="1.0" encoding="UTF-8"?>
<testsuite name="com.dms.web.IndexControllerTest" tests="1" skipped="0" failures="0" errors="0" timestamp="2021-05-24T09:06:22" hostname="DESKTOP-3S8VUHG" time="0.371">
  <properties/>
  <testcase name="메인페이지_로딩()" classname="com.dms.web.IndexControllerTest" time="0.371"/>
  <system-out><![CDATA[2021-05-24 18:06:18.764  INFO 10260 --- [    Test worker] .b.t.c.SpringBootTestContextBootstrapper : Neither @ContextConfiguration nor @ContextHierarchy found for test class [com.dms.web.IndexControllerTest], using SpringBootContextLoader
2021-05-24 18:06:18.766  INFO 10260 --- [    Test worker] o.s.t.c.support.AbstractContextLoader    : Could not detect default resource locations for test class [com.dms.web.IndexControllerTest]: no resource found for suffixes {-context.xml, Context.groovy}.
2021-05-24 18:06:18.767  INFO 10260 --- [    Test worker] t.c.s.AnnotationConfigContextLoaderUtils : Could not detect default configuration classes for test class [com.dms.web.IndexControllerTest]: IndexControllerTest does not declare any static, non-private, non-final, nested classes annotated with @Configuration.
2021-05-24 18:06:18.770  INFO 10260 --- [    Test worker] .b.t.c.SpringBootTestContextBootstrapper : Found @SpringBootConfiguration com.dms.Application for test class com.dms.web.IndexControllerTest
2021-05-24 18:06:18.772  INFO 10260 --- [    Test worker] .b.t.c.SpringBootTestContextBootstrapper : Loaded default TestExecutionListener class names from location [META-INF/spring.factories]: [org.springframework.security.test.context.support.WithSecurityContextTestExecutionListener, org.springframework.security.test.context.support.ReactorContextTestExecutionListener, org.springframework.boot.test.autoconfigure.restdocs.RestDocsTestExecutionListener, org.springframework.boot.test.autoconfigure.web.client.MockRestServiceServerResetTestExecutionListener, org.springframework.boot.test.autoconfigure.web.servlet.MockMvcPrintOnlyOnFailureTestExecutionListener, org.springframework.boot.test.autoconfigure.web.servlet.WebDriverTestExecutionListener, org.springframework.boot.test.autoconfigure.webservices.client.MockWebServiceServerTestExecutionListener, org.springframework.boot.test.mock.mockito.MockitoTestExecutionListener, org.springframework.boot.test.mock.mockito.ResetMocksTestExecutionListener, org.springframework.test.context.web.ServletTestExecutionListener, org.springframework.test.context.support.DirtiesContextBeforeModesTestExecutionListener, org.springframework.test.context.support.DependencyInjectionTestExecutionListener, org.springframework.test.context.support.DirtiesContextTestExecutionListener, org.springframework.test.context.transaction.TransactionalTestExecutionListener, org.springframework.test.context.jdbc.SqlScriptsTestExecutionListener, org.springframework.test.context.event.EventPublishingTestExecutionListener]
2021-05-24 18:06:18.774  INFO 10260 --- [    Test worker] .b.t.c.SpringBootTestContextBootstrapper : Using TestExecutionListeners: [org.springframework.test.context.web.ServletTestExecutionListener@4a604886, org.springframework.test.context.support.DirtiesContextBeforeModesTestExecutionListener@22453547, org.springframework.boot.test.mock.mockito.MockitoTestExecutionListener@44f8a938, org.springframework.boot.test.autoconfigure.SpringBootDependencyInjectionTestExecutionListener@57b248f5, org.springframework.test.context.support.DirtiesContextTestExecutionListener@1f5e0efd, org.springframework.test.context.transaction.TransactionalTestExecutionListener@14baef5c, org.springframework.test.context.jdbc.SqlScriptsTestExecutionListener@150a359a, org.springframework.security.test.context.support.WithSecurityContextTestExecutionListener@50ba222e, org.springframework.test.context.event.EventPublishingTestExecutionListener@3f7ce722, org.springframework.security.test.context.support.ReactorContextTestExecutionListener@7c7f3f9e, org.springframework.boot.test.autoconfigure.restdocs.RestDocsTestExecutionListener@389d736e, org.springframework.boot.test.autoconfigure.web.client.MockRestServiceServerResetTestExecutionListener@39b78d01, org.springframework.boot.test.autoconfigure.web.servlet.MockMvcPrintOnlyOnFailureTestExecutionListener@61aa28e2, org.springframework.boot.test.autoconfigure.web.servlet.WebDriverTestExecutionListener@64ac7886, org.springframework.boot.test.autoconfigure.webservices.client.MockWebServiceServerTestExecutionListener@3779717e, org.springframework.boot.test.mock.mockito.ResetMocksTestExecutionListener@32a33d15]

  .   ____          _            __ _ _
 /\\ / ___'_ __ _ _(_)_ __  __ _ \ \ \ \
( ( )\___ | '_ | '_| | '_ \/ _` | \ \ \ \
 \\/  ___)| |_)| | | | | || (_| |  ) ) ) )
  '  |____| .__|_| |_|_| |_\__, | / / / /
 =========|_|==============|___/=/_/_/_/
 :: Spring Boot ::                (v2.4.1)

2021-05-24 18:06:18.817  INFO 10260 --- [    Test worker] com.dms.web.IndexControllerTest          : Starting IndexControllerTest using Java 1.8.0_221 on DESKTOP-3S8VUHG with PID 10260 (started by stam0 in C:\Users\stam0\OneDrive\Desktop\study\Portfolio\Back_end_Learning\Spring\SpringBoot\SpringBoot_AWS\Practice_Project)
2021-05-24 18:06:18.818  INFO 10260 --- [    Test worker] com.dms.web.IndexControllerTest          : No active profile set, falling back to default profiles: default
2021-05-24 18:06:19.240  INFO 10260 --- [    Test worker] .s.d.r.c.RepositoryConfigurationDelegate : Bootstrapping Spring Data JPA repositories in DEFAULT mode.
2021-05-24 18:06:19.287  INFO 10260 --- [    Test worker] .s.d.r.c.RepositoryConfigurationDelegate : Finished Spring Data repository scanning in 46 ms. Found 2 JPA repository interfaces.
2021-05-24 18:06:19.843  INFO 10260 --- [    Test worker] o.s.b.w.embedded.tomcat.TomcatWebServer  : Tomcat initialized with port(s): 0 (http)
2021-05-24 18:06:19.862  INFO 10260 --- [    Test worker] o.apache.catalina.core.StandardService   : Starting service [Tomcat]
2021-05-24 18:06:19.863  INFO 10260 --- [    Test worker] org.apache.catalina.core.StandardEngine  : Starting Servlet engine: [Apache Tomcat/9.0.41]
2021-05-24 18:06:20.075  INFO 10260 --- [    Test worker] o.a.c.c.C.[Tomcat].[localhost].[/]       : Initializing Spring embedded WebApplicationContext
2021-05-24 18:06:20.075  INFO 10260 --- [    Test worker] w.s.c.ServletWebServerApplicationContext : Root WebApplicationContext: initialization completed in 1253 ms
2021-05-24 18:06:20.185  INFO 10260 --- [    Test worker] com.zaxxer.hikari.HikariDataSource       : HikariPool-2 - Starting...
2021-05-24 18:06:20.188  INFO 10260 --- [    Test worker] com.zaxxer.hikari.HikariDataSource       : HikariPool-2 - Start completed.
2021-05-24 18:06:20.188  INFO 10260 --- [    Test worker] o.s.b.a.h2.H2ConsoleAutoConfiguration    : H2 console available at '/h2-console'. Database available at 'jdbc:h2:mem:testdb'
2021-05-24 18:06:20.450  INFO 10260 --- [    Test worker] o.hibernate.jpa.internal.util.LogHelper  : HHH000204: Processing PersistenceUnitInfo [name: default]
2021-05-24 18:06:20.462  INFO 10260 --- [    Test worker] org.hibernate.dialect.Dialect            : HHH000400: Using dialect: org.hibernate.dialect.MySQL57Dialect
Hibernate: drop table if exists posts
Hibernate: drop table if exists user
Hibernate: create table posts (id bigint not null auto_increment, created_date datetime(6), modified_date datetime(6), author varchar(255), content TEXT not null, title varchar(500) not null, primary key (id)) engine=InnoDB
Hibernate: create table user (id bigint not null auto_increment, created_date datetime(6), modified_date datetime(6), email varchar(255) not null, name varchar(255) not null, picture varchar(255), role varchar(255) not null, primary key (id)) engine=InnoDB
2021-05-24 18:06:20.552  INFO 10260 --- [    Test worker] o.h.e.t.j.p.i.JtaPlatformInitiator       : HHH000490: Using JtaPlatform implementation: [org.hibernate.engine.transaction.jta.platform.internal.NoJtaPlatform]
2021-05-24 18:06:20.553  INFO 10260 --- [    Test worker] j.LocalContainerEntityManagerFactoryBean : Initialized JPA EntityManagerFactory for persistence unit 'default'
2021-05-24 18:06:21.065  WARN 10260 --- [    Test worker] JpaBaseConfiguration$JpaWebConfiguration : spring.jpa.open-in-view is enabled by default. Therefore, database queries may be performed during view rendering. Explicitly configure spring.jpa.open-in-view to disable this warning
2021-05-24 18:06:21.477  INFO 10260 --- [    Test worker] o.s.s.web.DefaultSecurityFilterChain     : Will secure any request with [org.springframework.security.web.context.request.async.WebAsyncManagerIntegrationFilter@5e01db71, org.springframework.security.web.context.SecurityContextPersistenceFilter@48211b33, org.springframework.security.web.header.HeaderWriterFilter@673f224a, org.springframework.security.web.authentication.logout.LogoutFilter@15e1232d, org.springframework.security.oauth2.client.web.OAuth2AuthorizationRequestRedirectFilter@24a6a01d, org.springframework.security.oauth2.client.web.OAuth2LoginAuthenticationFilter@3963adfc, org.springframework.security.web.authentication.ui.DefaultLoginPageGeneratingFilter@5f918deb, org.springframework.security.web.authentication.ui.DefaultLogoutPageGeneratingFilter@2d8708f4, org.springframework.security.web.savedrequest.RequestCacheAwareFilter@613d6ffe, org.springframework.security.web.servletapi.SecurityContextHolderAwareRequestFilter@7f0e3ce1, org.springframework.security.web.authentication.AnonymousAuthenticationFilter@3c30f311, org.springframework.security.web.session.SessionManagementFilter@6b4d16a, org.springframework.security.web.access.ExceptionTranslationFilter@23314081, org.springframework.security.web.access.intercept.FilterSecurityInterceptor@241aede8]
2021-05-24 18:06:21.732  INFO 10260 --- [    Test worker] o.s.s.concurrent.ThreadPoolTaskExecutor  : Initializing ExecutorService 'applicationTaskExecutor'
2021-05-24 18:06:21.790  INFO 10260 --- [    Test worker] o.s.b.a.w.s.WelcomePageHandlerMapping    : Adding welcome page template: index
2021-05-24 18:06:22.307  INFO 10260 --- [    Test worker] o.s.b.w.embedded.tomcat.TomcatWebServer  : Tomcat started on port(s): 54187 (http) with context path ''
2021-05-24 18:06:22.312  INFO 10260 --- [    Test worker] s.a.ScheduledAnnotationBeanPostProcessor : No TaskScheduler/ScheduledExecutorService bean found for scheduled processing
2021-05-24 18:06:22.314  INFO 10260 --- [    Test worker] com.dms.web.IndexControllerTest          : Started IndexControllerTest in 3.536 seconds (JVM running for 17.558)
2021-05-24 18:06:22.542  INFO 10260 --- [o-auto-1-exec-1] o.a.c.c.C.[Tomcat].[localhost].[/]       : Initializing Spring DispatcherServlet 'dispatcherServlet'
2021-05-24 18:06:22.542  INFO 10260 --- [o-auto-1-exec-1] o.s.web.servlet.DispatcherServlet        : Initializing Servlet 'dispatcherServlet'
2021-05-24 18:06:22.544  INFO 10260 --- [o-auto-1-exec-1] o.s.web.servlet.DispatcherServlet        : Completed initialization in 1 ms
Hibernate: select posts0_.id as id1_0_, posts0_.created_date as created_2_0_, posts0_.modified_date as modified3_0_, posts0_.author as author4_0_, posts0_.content as content5_0_, posts0_.title as title6_0_ from posts posts0_ order by posts0_.id DESC
]]></system-out>
  <system-err><![CDATA[]]></system-err>
</testsuite>
