<?xml version="1.0" encoding="UTF-8"?>
<testsuite name="com.dms.web.HelloControllerTest" tests="2" skipped="0" failures="0" errors="0" timestamp="2021-05-20T09:17:05" hostname="DESKTOP-3S8VUHG" time="0.259">
  <properties/>
  <testcase name="hello가_리턴된다()" classname="com.dms.web.HelloControllerTest" time="0.121"/>
  <testcase name="helloDto가_리턴된다()" classname="com.dms.web.HelloControllerTest" time="0.137"/>
  <system-out><![CDATA[2021-05-20 18:17:03.185  INFO 21388 --- [    Test worker] .b.t.a.w.s.WebMvcTestContextBootstrapper : Neither @ContextConfiguration nor @ContextHierarchy found for test class [com.dms.web.HelloControllerTest], using SpringBootContextLoader
2021-05-20 18:17:03.188  INFO 21388 --- [    Test worker] o.s.t.c.support.AbstractContextLoader    : Could not detect default resource locations for test class [com.dms.web.HelloControllerTest]: no resource found for suffixes {-context.xml, Context.groovy}.
2021-05-20 18:17:03.189  INFO 21388 --- [    Test worker] t.c.s.AnnotationConfigContextLoaderUtils : Could not detect default configuration classes for test class [com.dms.web.HelloControllerTest]: HelloControllerTest does not declare any static, non-private, non-final, nested classes annotated with @Configuration.
2021-05-20 18:17:03.221  INFO 21388 --- [    Test worker] .b.t.c.SpringBootTestContextBootstrapper : Found @SpringBootConfiguration com.dms.Application for test class com.dms.web.HelloControllerTest
2021-05-20 18:17:03.223  INFO 21388 --- [    Test worker] .b.t.a.w.s.WebMvcTestContextBootstrapper : Loaded default TestExecutionListener class names from location [META-INF/spring.factories]: [org.springframework.security.test.context.support.WithSecurityContextTestExecutionListener, org.springframework.security.test.context.support.ReactorContextTestExecutionListener, org.springframework.boot.test.autoconfigure.restdocs.RestDocsTestExecutionListener, org.springframework.boot.test.autoconfigure.web.client.MockRestServiceServerResetTestExecutionListener, org.springframework.boot.test.autoconfigure.web.servlet.MockMvcPrintOnlyOnFailureTestExecutionListener, org.springframework.boot.test.autoconfigure.web.servlet.WebDriverTestExecutionListener, org.springframework.boot.test.autoconfigure.webservices.client.MockWebServiceServerTestExecutionListener, org.springframework.boot.test.mock.mockito.MockitoTestExecutionListener, org.springframework.boot.test.mock.mockito.ResetMocksTestExecutionListener, org.springframework.test.context.web.ServletTestExecutionListener, org.springframework.test.context.support.DirtiesContextBeforeModesTestExecutionListener, org.springframework.test.context.support.DependencyInjectionTestExecutionListener, org.springframework.test.context.support.DirtiesContextTestExecutionListener, org.springframework.test.context.transaction.TransactionalTestExecutionListener, org.springframework.test.context.jdbc.SqlScriptsTestExecutionListener, org.springframework.test.context.event.EventPublishingTestExecutionListener]
2021-05-20 18:17:03.226  INFO 21388 --- [    Test worker] .b.t.a.w.s.WebMvcTestContextBootstrapper : Using TestExecutionListeners: [org.springframework.test.context.web.ServletTestExecutionListener@20187c9e, org.springframework.test.context.support.DirtiesContextBeforeModesTestExecutionListener@7c3df58e, org.springframework.boot.test.mock.mockito.MockitoTestExecutionListener@424ad162, org.springframework.boot.test.autoconfigure.SpringBootDependencyInjectionTestExecutionListener@2f5645ec, org.springframework.test.context.support.DirtiesContextTestExecutionListener@4c493014, org.springframework.test.context.transaction.TransactionalTestExecutionListener@5fcb3d96, org.springframework.test.context.jdbc.SqlScriptsTestExecutionListener@4b1e26cc, org.springframework.security.test.context.support.WithSecurityContextTestExecutionListener@56fa6366, org.springframework.test.context.event.EventPublishingTestExecutionListener@53b6303d, org.springframework.security.test.context.support.ReactorContextTestExecutionListener@55178050, org.springframework.boot.test.autoconfigure.restdocs.RestDocsTestExecutionListener@6f05e478, org.springframework.boot.test.autoconfigure.web.client.MockRestServiceServerResetTestExecutionListener@6a615bad, org.springframework.boot.test.autoconfigure.web.servlet.MockMvcPrintOnlyOnFailureTestExecutionListener@834a904, org.springframework.boot.test.autoconfigure.web.servlet.WebDriverTestExecutionListener@61c8ad52, org.springframework.boot.test.autoconfigure.webservices.client.MockWebServiceServerTestExecutionListener@21aea337, org.springframework.boot.test.mock.mockito.ResetMocksTestExecutionListener@41f2289c]

  .   ____          _            __ _ _
 /\\ / ___'_ __ _ _(_)_ __  __ _ \ \ \ \
( ( )\___ | '_ | '_| | '_ \/ _` | \ \ \ \
 \\/  ___)| |_)| | | | | || (_| |  ) ) ) )
  '  |____| .__|_| |_|_| |_\__, | / / / /
 =========|_|==============|___/=/_/_/_/
 :: Spring Boot ::                (v2.4.1)

2021-05-20 18:17:03.297  INFO 21388 --- [    Test worker] com.dms.web.HelloControllerTest          : Starting HelloControllerTest using Java 1.8.0_221 on DESKTOP-3S8VUHG with PID 21388 (started by stam0 in C:\Users\stam0\OneDrive\Desktop\study\Portfolio\Back_end_Learning\Spring\SpringBoot\SpringBoot_AWS\Practice_Project)
2021-05-20 18:17:03.299  INFO 21388 --- [    Test worker] com.dms.web.HelloControllerTest          : No active profile set, falling back to default profiles: default
2021-05-20 18:17:04.073  INFO 21388 --- [    Test worker] o.s.s.concurrent.ThreadPoolTaskExecutor  : Initializing ExecutorService 'applicationTaskExecutor'
2021-05-20 18:17:04.140  INFO 21388 --- [    Test worker] o.s.b.a.w.s.WelcomePageHandlerMapping    : Adding welcome page template: index
2021-05-20 18:17:04.795  INFO 21388 --- [    Test worker] o.s.s.web.DefaultSecurityFilterChain     : Will secure any request with [org.springframework.security.web.context.request.async.WebAsyncManagerIntegrationFilter@788aa7b0, org.springframework.security.web.context.SecurityContextPersistenceFilter@79d2e6ed, org.springframework.security.web.header.HeaderWriterFilter@6751439c, org.springframework.security.web.csrf.CsrfFilter@60dde524, org.springframework.security.web.authentication.logout.LogoutFilter@7acce0f0, org.springframework.security.oauth2.client.web.OAuth2AuthorizationRequestRedirectFilter@5d35a80a, org.springframework.security.oauth2.client.web.OAuth2AuthorizationRequestRedirectFilter@23e15612, org.springframework.security.oauth2.client.web.OAuth2LoginAuthenticationFilter@74516dda, org.springframework.security.web.authentication.ui.DefaultLoginPageGeneratingFilter@2f8d9182, org.springframework.security.web.authentication.ui.DefaultLogoutPageGeneratingFilter@769cdfc9, org.springframework.security.web.savedrequest.RequestCacheAwareFilter@4282e2c1, org.springframework.security.web.servletapi.SecurityContextHolderAwareRequestFilter@2f2214ae, org.springframework.security.web.authentication.AnonymousAuthenticationFilter@2ac80ba0, org.springframework.security.oauth2.client.web.OAuth2AuthorizationCodeGrantFilter@241f12e8, org.springframework.security.web.session.SessionManagementFilter@68aa7e97, org.springframework.security.web.access.ExceptionTranslationFilter@79684066, org.springframework.security.web.access.intercept.FilterSecurityInterceptor@660603dc]
2021-05-20 18:17:04.975  INFO 21388 --- [    Test worker] o.s.b.t.m.w.SpringBootMockServletContext : Initializing Spring TestDispatcherServlet ''
2021-05-20 18:17:04.975  INFO 21388 --- [    Test worker] o.s.t.web.servlet.TestDispatcherServlet  : Initializing Servlet ''
2021-05-20 18:17:04.977  INFO 21388 --- [    Test worker] o.s.t.web.servlet.TestDispatcherServlet  : Completed initialization in 2 ms
2021-05-20 18:17:05.005  INFO 21388 --- [    Test worker] com.dms.web.HelloControllerTest          : Started HelloControllerTest in 1.774 seconds (JVM running for 14.095)
]]></system-out>
  <system-err><![CDATA[]]></system-err>
</testsuite>
