<?xml version="1.0" encoding="UTF-8"?>
<testsuite name="com.dms.web.IndexControllerTest" tests="1" skipped="0" failures="0" errors="0" timestamp="2021-05-18T08:44:18" hostname="DESKTOP-3S8VUHG" time="0.236">
  <properties/>
  <testcase name="메인페이지_로딩" classname="com.dms.web.IndexControllerTest" time="0.236"/>
  <system-out><![CDATA[2021-05-18 17:44:14.629  INFO 19440 --- [    Test worker] .b.t.c.SpringBootTestContextBootstrapper : Neither @ContextConfiguration nor @ContextHierarchy found for test class [com.dms.web.IndexControllerTest], using SpringBootContextLoader
2021-05-18 17:44:14.632  INFO 19440 --- [    Test worker] o.s.t.c.support.AbstractContextLoader    : Could not detect default resource locations for test class [com.dms.web.IndexControllerTest]: no resource found for suffixes {-context.xml, Context.groovy}.
2021-05-18 17:44:14.632  INFO 19440 --- [    Test worker] t.c.s.AnnotationConfigContextLoaderUtils : Could not detect default configuration classes for test class [com.dms.web.IndexControllerTest]: IndexControllerTest does not declare any static, non-private, non-final, nested classes annotated with @Configuration.
2021-05-18 17:44:14.636  INFO 19440 --- [    Test worker] .b.t.c.SpringBootTestContextBootstrapper : Found @SpringBootConfiguration com.dms.Application for test class com.dms.web.IndexControllerTest
2021-05-18 17:44:14.639  INFO 19440 --- [    Test worker] .b.t.c.SpringBootTestContextBootstrapper : Loaded default TestExecutionListener class names from location [META-INF/spring.factories]: [org.springframework.security.test.context.support.WithSecurityContextTestExecutionListener, org.springframework.security.test.context.support.ReactorContextTestExecutionListener, org.springframework.boot.test.autoconfigure.restdocs.RestDocsTestExecutionListener, org.springframework.boot.test.autoconfigure.web.client.MockRestServiceServerResetTestExecutionListener, org.springframework.boot.test.autoconfigure.web.servlet.MockMvcPrintOnlyOnFailureTestExecutionListener, org.springframework.boot.test.autoconfigure.web.servlet.WebDriverTestExecutionListener, org.springframework.boot.test.mock.mockito.MockitoTestExecutionListener, org.springframework.boot.test.mock.mockito.ResetMocksTestExecutionListener, org.springframework.test.context.web.ServletTestExecutionListener, org.springframework.test.context.support.DirtiesContextBeforeModesTestExecutionListener, org.springframework.test.context.support.DependencyInjectionTestExecutionListener, org.springframework.test.context.support.DirtiesContextTestExecutionListener, org.springframework.test.context.transaction.TransactionalTestExecutionListener, org.springframework.test.context.jdbc.SqlScriptsTestExecutionListener]
2021-05-18 17:44:14.644  INFO 19440 --- [    Test worker] .b.t.c.SpringBootTestContextBootstrapper : Using TestExecutionListeners: [org.springframework.test.context.web.ServletTestExecutionListener@3eb6f06b, org.springframework.test.context.support.DirtiesContextBeforeModesTestExecutionListener@55c2e2cf, org.springframework.boot.test.mock.mockito.MockitoTestExecutionListener@542e8db7, org.springframework.boot.test.autoconfigure.SpringBootDependencyInjectionTestExecutionListener@233b308a, org.springframework.test.context.support.DirtiesContextTestExecutionListener@2a87b92e, org.springframework.test.context.transaction.TransactionalTestExecutionListener@6811f22b, org.springframework.test.context.jdbc.SqlScriptsTestExecutionListener@48f289ab, org.springframework.security.test.context.support.WithSecurityContextTestExecutionListener@32374f5f, org.springframework.security.test.context.support.ReactorContextTestExecutionListener@256edefe, org.springframework.boot.test.autoconfigure.restdocs.RestDocsTestExecutionListener@4209e0d2, org.springframework.boot.test.autoconfigure.web.client.MockRestServiceServerResetTestExecutionListener@1eea86e9, org.springframework.boot.test.autoconfigure.web.servlet.MockMvcPrintOnlyOnFailureTestExecutionListener@16af7fdc, org.springframework.boot.test.autoconfigure.web.servlet.WebDriverTestExecutionListener@45e5cad9, org.springframework.boot.test.mock.mockito.ResetMocksTestExecutionListener@48e7adc7]

  .   ____          _            __ _ _
 /\\ / ___'_ __ _ _(_)_ __  __ _ \ \ \ \
( ( )\___ | '_ | '_| | '_ \/ _` | \ \ \ \
 \\/  ___)| |_)| | | | | || (_| |  ) ) ) )
  '  |____| .__|_| |_|_| |_\__, | / / / /
 =========|_|==============|___/=/_/_/_/
 :: Spring Boot ::        (v2.1.9.RELEASE)

2021-05-18 17:44:14.782  INFO 19440 --- [    Test worker] com.dms.web.IndexControllerTest          : Starting IndexControllerTest on DESKTOP-3S8VUHG with PID 19440 (started by stam0 in C:\Users\stam0\OneDrive\Desktop\study\Portfolio\Back_end_Learning\Spring\SpringBoot\SpringBoot_AWS\Practice_Project)
2021-05-18 17:44:14.783  INFO 19440 --- [    Test worker] com.dms.web.IndexControllerTest          : No active profile set, falling back to default profiles: default
2021-05-18 17:44:15.194  INFO 19440 --- [    Test worker] .s.d.r.c.RepositoryConfigurationDelegate : Bootstrapping Spring Data repositories in DEFAULT mode.
2021-05-18 17:44:15.242  INFO 19440 --- [    Test worker] .s.d.r.c.RepositoryConfigurationDelegate : Finished Spring Data repository scanning in 48ms. Found 2 repository interfaces.
2021-05-18 17:44:15.423  INFO 19440 --- [    Test worker] trationDelegate$BeanPostProcessorChecker : Bean 'org.springframework.transaction.annotation.ProxyTransactionManagementConfiguration' of type [org.springframework.transaction.annotation.ProxyTransactionManagementConfiguration$$EnhancerBySpringCGLIB$$80f6cc93] is not eligible for getting processed by all BeanPostProcessors (for example: not eligible for auto-proxying)
2021-05-18 17:44:15.989  INFO 19440 --- [    Test worker] o.s.b.w.embedded.tomcat.TomcatWebServer  : Tomcat initialized with port(s): 0 (http)
2021-05-18 17:44:16.049  INFO 19440 --- [    Test worker] o.apache.catalina.core.StandardService   : Starting service [Tomcat]
2021-05-18 17:44:16.050  INFO 19440 --- [    Test worker] org.apache.catalina.core.StandardEngine  : Starting Servlet engine: [Apache Tomcat/9.0.26]
2021-05-18 17:44:16.392  INFO 19440 --- [    Test worker] o.a.c.c.C.[Tomcat].[localhost].[/]       : Initializing Spring embedded WebApplicationContext
2021-05-18 17:44:16.393  INFO 19440 --- [    Test worker] o.s.web.context.ContextLoader            : Root WebApplicationContext: initialization completed in 1605 ms
2021-05-18 17:44:16.824  INFO 19440 --- [    Test worker] com.zaxxer.hikari.HikariDataSource       : HikariPool-2 - Starting...
2021-05-18 17:44:16.825  INFO 19440 --- [    Test worker] com.zaxxer.hikari.HikariDataSource       : HikariPool-2 - Start completed.
2021-05-18 17:44:16.890  INFO 19440 --- [    Test worker] o.hibernate.jpa.internal.util.LogHelper  : HHH000204: Processing PersistenceUnitInfo [
	name: default
	...]
2021-05-18 17:44:16.909  INFO 19440 --- [    Test worker] org.hibernate.dialect.Dialect            : HHH000400: Using dialect: org.hibernate.dialect.MySQL5InnoDBDialect
Hibernate: drop table if exists posts
Hibernate: drop table if exists user
Hibernate: create table posts (id bigint not null auto_increment, created_date datetime, modified_date datetime, author varchar(255), content TEXT not null, title varchar(500) not null, primary key (id)) engine=InnoDB
Hibernate: create table user (id bigint not null auto_increment, created_date datetime, modified_date datetime, email varchar(255) not null, name varchar(255) not null, picture varchar(255), role varchar(255) not null, primary key (id)) engine=InnoDB
2021-05-18 17:44:17.015  INFO 19440 --- [    Test worker] o.h.t.schema.internal.SchemaCreatorImpl  : HHH000476: Executing import script 'org.hibernate.tool.schema.internal.exec.ScriptSourceInputNonExistentImpl@57b14e7'
2021-05-18 17:44:17.016  INFO 19440 --- [    Test worker] j.LocalContainerEntityManagerFactoryBean : Initialized JPA EntityManagerFactory for persistence unit 'default'
2021-05-18 17:44:17.626  INFO 19440 --- [    Test worker] o.h.h.i.QueryTranslatorFactoryInitiator  : HHH000397: Using ASTQueryTranslatorFactory
2021-05-18 17:44:17.865  INFO 19440 --- [    Test worker] o.s.s.web.DefaultSecurityFilterChain     : Creating filter chain: any request, [org.springframework.security.web.context.request.async.WebAsyncManagerIntegrationFilter@6ca7f134, org.springframework.security.web.context.SecurityContextPersistenceFilter@1803174, org.springframework.security.web.header.HeaderWriterFilter@2a56cb43, org.springframework.security.web.authentication.logout.LogoutFilter@37313882, org.springframework.security.oauth2.client.web.OAuth2AuthorizationRequestRedirectFilter@6ba13ad7, org.springframework.security.oauth2.client.web.OAuth2LoginAuthenticationFilter@4fa089ce, org.springframework.security.web.authentication.ui.DefaultLoginPageGeneratingFilter@37baa490, org.springframework.security.web.authentication.ui.DefaultLogoutPageGeneratingFilter@7fa92594, org.springframework.security.web.savedrequest.RequestCacheAwareFilter@5e63a358, org.springframework.security.web.servletapi.SecurityContextHolderAwareRequestFilter@42f37704, org.springframework.security.web.authentication.AnonymousAuthenticationFilter@1d3cdf34, org.springframework.security.web.session.SessionManagementFilter@79419fbd, org.springframework.security.web.access.ExceptionTranslationFilter@1249aea2, org.springframework.security.web.access.intercept.FilterSecurityInterceptor@613e5460]
2021-05-18 17:44:18.157  INFO 19440 --- [    Test worker] o.s.s.concurrent.ThreadPoolTaskExecutor  : Initializing ExecutorService 'applicationTaskExecutor'
2021-05-18 17:44:18.181  WARN 19440 --- [    Test worker] aWebConfiguration$JpaWebMvcConfiguration : spring.jpa.open-in-view is enabled by default. Therefore, database queries may be performed during view rendering. Explicitly configure spring.jpa.open-in-view to disable this warning
2021-05-18 17:44:18.220  INFO 19440 --- [    Test worker] o.s.b.a.w.s.WelcomePageHandlerMapping    : Adding welcome page template: index
2021-05-18 17:44:18.621  INFO 19440 --- [    Test worker] s.a.ScheduledAnnotationBeanPostProcessor : No TaskScheduler/ScheduledExecutorService bean found for scheduled processing
2021-05-18 17:44:18.645  INFO 19440 --- [    Test worker] o.s.b.w.embedded.tomcat.TomcatWebServer  : Tomcat started on port(s): 60211 (http) with context path ''
2021-05-18 17:44:18.646  INFO 19440 --- [    Test worker] com.dms.web.IndexControllerTest          : Started IndexControllerTest in 3.997 seconds (JVM running for 18.388)
2021-05-18 17:44:18.749  INFO 19440 --- [o-auto-1-exec-1] o.a.c.c.C.[Tomcat].[localhost].[/]       : Initializing Spring DispatcherServlet 'dispatcherServlet'
2021-05-18 17:44:18.749  INFO 19440 --- [o-auto-1-exec-1] o.s.web.servlet.DispatcherServlet        : Initializing Servlet 'dispatcherServlet'
2021-05-18 17:44:18.778  INFO 19440 --- [o-auto-1-exec-1] o.s.web.servlet.DispatcherServlet        : Completed initialization in 29 ms
Hibernate: select posts0_.id as id1_0_, posts0_.created_date as created_2_0_, posts0_.modified_date as modified3_0_, posts0_.author as author4_0_, posts0_.content as content5_0_, posts0_.title as title6_0_ from posts posts0_ order by posts0_.id DESC
]]></system-out>
  <system-err><![CDATA[]]></system-err>
</testsuite>
