<?xml version="1.0" encoding="UTF-8"?>
<testsuite name="com.dms.domain.posts.PostsRepositoryTest" tests="2" skipped="0" failures="0" errors="0" timestamp="2021-05-18T08:44:12" hostname="DESKTOP-3S8VUHG" time="0.493">
  <properties/>
  <testcase name="게시글저장_불러오기" classname="com.dms.domain.posts.PostsRepositoryTest" time="0.475"/>
  <testcase name="BaseTimeEntity_등록" classname="com.dms.domain.posts.PostsRepositoryTest" time="0.017"/>
  <system-out><![CDATA[17:44:01.735 [Test worker] DEBUG org.springframework.test.context.junit4.SpringJUnit4ClassRunner - SpringJUnit4ClassRunner constructor called with [class com.dms.domain.posts.PostsRepositoryTest]
17:44:01.748 [Test worker] DEBUG org.springframework.test.context.BootstrapUtils - Instantiating CacheAwareContextLoaderDelegate from class [org.springframework.test.context.cache.DefaultCacheAwareContextLoaderDelegate]
17:44:01.764 [Test worker] DEBUG org.springframework.test.context.BootstrapUtils - Instantiating BootstrapContext using constructor [public org.springframework.test.context.support.DefaultBootstrapContext(java.lang.Class,org.springframework.test.context.CacheAwareContextLoaderDelegate)]
17:44:01.789 [Test worker] DEBUG org.springframework.test.context.BootstrapUtils - Instantiating TestContextBootstrapper for test class [com.dms.domain.posts.PostsRepositoryTest] from class [org.springframework.boot.test.context.SpringBootTestContextBootstrapper]
17:44:01.820 [Test worker] INFO org.springframework.boot.test.context.SpringBootTestContextBootstrapper - Neither @ContextConfiguration nor @ContextHierarchy found for test class [com.dms.domain.posts.PostsRepositoryTest], using SpringBootContextLoader
17:44:01.825 [Test worker] DEBUG org.springframework.test.context.support.AbstractContextLoader - Did not detect default resource location for test class [com.dms.domain.posts.PostsRepositoryTest]: class path resource [com/dms/domain/posts/PostsRepositoryTest-context.xml] does not exist
17:44:01.826 [Test worker] DEBUG org.springframework.test.context.support.AbstractContextLoader - Did not detect default resource location for test class [com.dms.domain.posts.PostsRepositoryTest]: class path resource [com/dms/domain/posts/PostsRepositoryTestContext.groovy] does not exist
17:44:01.827 [Test worker] INFO org.springframework.test.context.support.AbstractContextLoader - Could not detect default resource locations for test class [com.dms.domain.posts.PostsRepositoryTest]: no resource found for suffixes {-context.xml, Context.groovy}.
17:44:01.830 [Test worker] INFO org.springframework.test.context.support.AnnotationConfigContextLoaderUtils - Could not detect default configuration classes for test class [com.dms.domain.posts.PostsRepositoryTest]: PostsRepositoryTest does not declare any static, non-private, non-final, nested classes annotated with @Configuration.
17:44:01.908 [Test worker] DEBUG org.springframework.test.context.support.ActiveProfilesUtils - Could not find an 'annotation declaring class' for annotation type [org.springframework.test.context.ActiveProfiles] and class [com.dms.domain.posts.PostsRepositoryTest]
17:44:02.045 [Test worker] DEBUG org.springframework.context.annotation.ClassPathScanningCandidateComponentProvider - Identified candidate component class: file [C:\Users\stam0\OneDrive\Desktop\study\Portfolio\Back_end_Learning\Spring\SpringBoot\SpringBoot_AWS\Practice_Project\build\classes\java\main\com\dms\Application.class]
17:44:02.047 [Test worker] INFO org.springframework.boot.test.context.SpringBootTestContextBootstrapper - Found @SpringBootConfiguration com.dms.Application for test class com.dms.domain.posts.PostsRepositoryTest
17:44:02.217 [Test worker] DEBUG org.springframework.boot.test.context.SpringBootTestContextBootstrapper - @TestExecutionListeners is not present for class [com.dms.domain.posts.PostsRepositoryTest]: using defaults.
17:44:02.218 [Test worker] INFO org.springframework.boot.test.context.SpringBootTestContextBootstrapper - Loaded default TestExecutionListener class names from location [META-INF/spring.factories]: [org.springframework.security.test.context.support.WithSecurityContextTestExecutionListener, org.springframework.security.test.context.support.ReactorContextTestExecutionListener, org.springframework.boot.test.autoconfigure.restdocs.RestDocsTestExecutionListener, org.springframework.boot.test.autoconfigure.web.client.MockRestServiceServerResetTestExecutionListener, org.springframework.boot.test.autoconfigure.web.servlet.MockMvcPrintOnlyOnFailureTestExecutionListener, org.springframework.boot.test.autoconfigure.web.servlet.WebDriverTestExecutionListener, org.springframework.boot.test.mock.mockito.MockitoTestExecutionListener, org.springframework.boot.test.mock.mockito.ResetMocksTestExecutionListener, org.springframework.test.context.web.ServletTestExecutionListener, org.springframework.test.context.support.DirtiesContextBeforeModesTestExecutionListener, org.springframework.test.context.support.DependencyInjectionTestExecutionListener, org.springframework.test.context.support.DirtiesContextTestExecutionListener, org.springframework.test.context.transaction.TransactionalTestExecutionListener, org.springframework.test.context.jdbc.SqlScriptsTestExecutionListener]
17:44:02.260 [Test worker] INFO org.springframework.boot.test.context.SpringBootTestContextBootstrapper - Using TestExecutionListeners: [org.springframework.test.context.web.ServletTestExecutionListener@342f4f58, org.springframework.test.context.support.DirtiesContextBeforeModesTestExecutionListener@1dad391, org.springframework.boot.test.mock.mockito.MockitoTestExecutionListener@6b7e8a6e, org.springframework.boot.test.autoconfigure.SpringBootDependencyInjectionTestExecutionListener@5aef04e1, org.springframework.test.context.support.DirtiesContextTestExecutionListener@1474c56b, org.springframework.test.context.transaction.TransactionalTestExecutionListener@43e5da2f, org.springframework.test.context.jdbc.SqlScriptsTestExecutionListener@5c5715c7, org.springframework.security.test.context.support.WithSecurityContextTestExecutionListener@7e3ddaa0, org.springframework.security.test.context.support.ReactorContextTestExecutionListener@4cd00791, org.springframework.boot.test.autoconfigure.restdocs.RestDocsTestExecutionListener@21099886, org.springframework.boot.test.autoconfigure.web.client.MockRestServiceServerResetTestExecutionListener@4514584d, org.springframework.boot.test.autoconfigure.web.servlet.MockMvcPrintOnlyOnFailureTestExecutionListener@55ec6295, org.springframework.boot.test.autoconfigure.web.servlet.WebDriverTestExecutionListener@19cc0b36, org.springframework.boot.test.mock.mockito.ResetMocksTestExecutionListener@74ec7d21]
17:44:02.264 [Test worker] DEBUG org.springframework.test.annotation.ProfileValueUtils - Retrieved @ProfileValueSourceConfiguration [null] for test class [com.dms.domain.posts.PostsRepositoryTest]
17:44:02.265 [Test worker] DEBUG org.springframework.test.annotation.ProfileValueUtils - Retrieved ProfileValueSource type [class org.springframework.test.annotation.SystemProfileValueSource] for class [com.dms.domain.posts.PostsRepositoryTest]
17:44:02.266 [Test worker] DEBUG org.springframework.test.annotation.ProfileValueUtils - Retrieved @ProfileValueSourceConfiguration [null] for test class [com.dms.domain.posts.PostsRepositoryTest]
17:44:02.266 [Test worker] DEBUG org.springframework.test.annotation.ProfileValueUtils - Retrieved ProfileValueSource type [class org.springframework.test.annotation.SystemProfileValueSource] for class [com.dms.domain.posts.PostsRepositoryTest]
17:44:02.273 [Test worker] DEBUG org.springframework.test.context.support.AbstractDirtiesContextTestExecutionListener - Before test class: context [DefaultTestContext@1ef445fb testClass = PostsRepositoryTest, testInstance = [null], testMethod = [null], testException = [null], mergedContextConfiguration = [WebMergedContextConfiguration@29a90545 testClass = PostsRepositoryTest, locations = '{}', classes = '{class com.dms.Application}', contextInitializerClasses = '[]', activeProfiles = '{}', propertySourceLocations = '{}', propertySourceProperties = '{org.springframework.boot.test.context.SpringBootTestContextBootstrapper=true}', contextCustomizers = set[org.springframework.boot.test.autoconfigure.properties.PropertyMappingContextCustomizer@0, org.springframework.boot.test.autoconfigure.web.servlet.WebDriverContextCustomizerFactory$Customizer@3e2ea8dc, org.springframework.boot.test.context.filter.ExcludeFilterContextCustomizer@74590f04, org.springframework.boot.test.json.DuplicateJsonObjectContextCustomizerFactory$DuplicateJsonObjectContextCustomizer@33caebd3, org.springframework.boot.test.mock.mockito.MockitoContextCustomizer@0, org.springframework.boot.test.web.client.TestRestTemplateContextCustomizer@6733ac27], resourceBasePath = 'src/main/webapp', contextLoader = 'org.springframework.boot.test.context.SpringBootContextLoader', parent = [null]], attributes = map['org.springframework.test.context.web.ServletTestExecutionListener.activateListener' -> true]], class annotated with @DirtiesContext [false] with mode [null].
17:44:02.275 [Test worker] DEBUG org.springframework.test.annotation.ProfileValueUtils - Retrieved @ProfileValueSourceConfiguration [null] for test class [com.dms.domain.posts.PostsRepositoryTest]
17:44:02.275 [Test worker] DEBUG org.springframework.test.annotation.ProfileValueUtils - Retrieved ProfileValueSource type [class org.springframework.test.annotation.SystemProfileValueSource] for class [com.dms.domain.posts.PostsRepositoryTest]
17:44:02.304 [Test worker] DEBUG org.springframework.test.context.support.TestPropertySourceUtils - Adding inlined properties to environment: {spring.jmx.enabled=false, org.springframework.boot.test.context.SpringBootTestContextBootstrapper=true, server.port=-1}

  .   ____          _            __ _ _
 /\\ / ___'_ __ _ _(_)_ __  __ _ \ \ \ \
( ( )\___ | '_ | '_| | '_ \/ _` | \ \ \ \
 \\/  ___)| |_)| | | | | || (_| |  ) ) ) )
  '  |____| .__|_| |_|_| |_\__, | / / / /
 =========|_|==============|___/=/_/_/_/
 :: Spring Boot ::        (v2.1.9.RELEASE)

2021-05-18 17:44:02.722  INFO 19440 --- [    Test worker] c.dms.domain.posts.PostsRepositoryTest   : Starting PostsRepositoryTest on DESKTOP-3S8VUHG with PID 19440 (started by stam0 in C:\Users\stam0\OneDrive\Desktop\study\Portfolio\Back_end_Learning\Spring\SpringBoot\SpringBoot_AWS\Practice_Project)
2021-05-18 17:44:02.724  INFO 19440 --- [    Test worker] c.dms.domain.posts.PostsRepositoryTest   : No active profile set, falling back to default profiles: default
2021-05-18 17:44:04.326  INFO 19440 --- [    Test worker] .s.d.r.c.RepositoryConfigurationDelegate : Bootstrapping Spring Data repositories in DEFAULT mode.
2021-05-18 17:44:04.447  INFO 19440 --- [    Test worker] .s.d.r.c.RepositoryConfigurationDelegate : Finished Spring Data repository scanning in 107ms. Found 2 repository interfaces.
2021-05-18 17:44:05.188  INFO 19440 --- [    Test worker] trationDelegate$BeanPostProcessorChecker : Bean 'org.springframework.transaction.annotation.ProxyTransactionManagementConfiguration' of type [org.springframework.transaction.annotation.ProxyTransactionManagementConfiguration$$EnhancerBySpringCGLIB$$80f6cc93] is not eligible for getting processed by all BeanPostProcessors (for example: not eligible for auto-proxying)
2021-05-18 17:44:05.547  INFO 19440 --- [    Test worker] com.zaxxer.hikari.HikariDataSource       : HikariPool-1 - Starting...
2021-05-18 17:44:05.770  INFO 19440 --- [    Test worker] com.zaxxer.hikari.HikariDataSource       : HikariPool-1 - Start completed.
2021-05-18 17:44:05.932  INFO 19440 --- [    Test worker] o.hibernate.jpa.internal.util.LogHelper  : HHH000204: Processing PersistenceUnitInfo [
	name: default
	...]
2021-05-18 17:44:06.061  INFO 19440 --- [    Test worker] org.hibernate.Version                    : HHH000412: Hibernate Core {5.3.12.Final}
2021-05-18 17:44:06.064  INFO 19440 --- [    Test worker] org.hibernate.cfg.Environment            : HHH000206: hibernate.properties not found
2021-05-18 17:44:06.376  INFO 19440 --- [    Test worker] o.hibernate.annotations.common.Version   : HCANN000001: Hibernate Commons Annotations {5.0.4.Final}
2021-05-18 17:44:06.681  INFO 19440 --- [    Test worker] org.hibernate.dialect.Dialect            : HHH000400: Using dialect: org.hibernate.dialect.MySQL5InnoDBDialect
Hibernate: drop table if exists posts
Hibernate: drop table if exists user
Hibernate: create table posts (id bigint not null auto_increment, created_date datetime, modified_date datetime, author varchar(255), content TEXT not null, title varchar(500) not null, primary key (id)) engine=InnoDB
Hibernate: create table user (id bigint not null auto_increment, created_date datetime, modified_date datetime, email varchar(255) not null, name varchar(255) not null, picture varchar(255), role varchar(255) not null, primary key (id)) engine=InnoDB
2021-05-18 17:44:07.696  INFO 19440 --- [    Test worker] o.h.t.schema.internal.SchemaCreatorImpl  : HHH000476: Executing import script 'org.hibernate.tool.schema.internal.exec.ScriptSourceInputNonExistentImpl@57b14e7'
2021-05-18 17:44:07.702  INFO 19440 --- [    Test worker] j.LocalContainerEntityManagerFactoryBean : Initialized JPA EntityManagerFactory for persistence unit 'default'
2021-05-18 17:44:08.720  INFO 19440 --- [    Test worker] o.h.h.i.QueryTranslatorFactoryInitiator  : HHH000397: Using ASTQueryTranslatorFactory
2021-05-18 17:44:09.857  INFO 19440 --- [    Test worker] o.s.s.web.DefaultSecurityFilterChain     : Creating filter chain: any request, [org.springframework.security.web.context.request.async.WebAsyncManagerIntegrationFilter@7a2b145a, org.springframework.security.web.context.SecurityContextPersistenceFilter@47fbc5ce, org.springframework.security.web.header.HeaderWriterFilter@4d785a63, org.springframework.security.web.authentication.logout.LogoutFilter@4eaba41b, org.springframework.security.oauth2.client.web.OAuth2AuthorizationRequestRedirectFilter@564ecf65, org.springframework.security.oauth2.client.web.OAuth2LoginAuthenticationFilter@25c431a9, org.springframework.security.web.authentication.ui.DefaultLoginPageGeneratingFilter@3d834488, org.springframework.security.web.authentication.ui.DefaultLogoutPageGeneratingFilter@1fa842c0, org.springframework.security.web.savedrequest.RequestCacheAwareFilter@1cb66c81, org.springframework.security.web.servletapi.SecurityContextHolderAwareRequestFilter@3780b4cf, org.springframework.security.web.authentication.AnonymousAuthenticationFilter@1a7c7a1f, org.springframework.security.web.session.SessionManagementFilter@3b0e42a6, org.springframework.security.web.access.ExceptionTranslationFilter@e997a1e, org.springframework.security.web.access.intercept.FilterSecurityInterceptor@d6dd0dd]
2021-05-18 17:44:10.911  INFO 19440 --- [    Test worker] o.s.s.concurrent.ThreadPoolTaskExecutor  : Initializing ExecutorService 'applicationTaskExecutor'
2021-05-18 17:44:11.004  WARN 19440 --- [    Test worker] aWebConfiguration$JpaWebMvcConfiguration : spring.jpa.open-in-view is enabled by default. Therefore, database queries may be performed during view rendering. Explicitly configure spring.jpa.open-in-view to disable this warning
2021-05-18 17:44:11.077  INFO 19440 --- [    Test worker] o.s.b.a.w.s.WelcomePageHandlerMapping    : Adding welcome page template: index
2021-05-18 17:44:12.016  INFO 19440 --- [    Test worker] s.a.ScheduledAnnotationBeanPostProcessor : No TaskScheduler/ScheduledExecutorService bean found for scheduled processing
2021-05-18 17:44:12.037  INFO 19440 --- [    Test worker] c.dms.domain.posts.PostsRepositoryTest   : Started PostsRepositoryTest in 9.719 seconds (JVM running for 11.779)
Hibernate: insert into posts (created_date, modified_date, author, content, title) values (?, ?, ?, ?, ?)
Hibernate: select posts0_.id as id1_0_, posts0_.created_date as created_2_0_, posts0_.modified_date as modified3_0_, posts0_.author as author4_0_, posts0_.content as content5_0_, posts0_.title as title6_0_ from posts posts0_
Hibernate: select posts0_.id as id1_0_, posts0_.created_date as created_2_0_, posts0_.modified_date as modified3_0_, posts0_.author as author4_0_, posts0_.content as content5_0_, posts0_.title as title6_0_ from posts posts0_
Hibernate: delete from posts where id=?
Hibernate: insert into posts (created_date, modified_date, author, content, title) values (?, ?, ?, ?, ?)
Hibernate: select posts0_.id as id1_0_, posts0_.created_date as created_2_0_, posts0_.modified_date as modified3_0_, posts0_.author as author4_0_, posts0_.content as content5_0_, posts0_.title as title6_0_ from posts posts0_
>>>>>>>>> createDate=2021-05-18T17:44:12.554, modifiedDate=2021-05-18T17:44:12.554
Hibernate: select posts0_.id as id1_0_, posts0_.created_date as created_2_0_, posts0_.modified_date as modified3_0_, posts0_.author as author4_0_, posts0_.content as content5_0_, posts0_.title as title6_0_ from posts posts0_
Hibernate: delete from posts where id=?
]]></system-out>
  <system-err><![CDATA[]]></system-err>
</testsuite>
