<?xml version="1.0" encoding="UTF-8"?>
<testsuite name="com.dms.web.HelloControllerTest" tests="2" skipped="0" failures="0" errors="0" timestamp="2021-05-20T09:08:53" hostname="DESKTOP-3S8VUHG" time="0.099">
  <properties/>
  <testcase name="hello가_리턴된다()" classname="com.dms.web.HelloControllerTest" time="0.037"/>
  <testcase name="helloDto가_리턴된다()" classname="com.dms.web.HelloControllerTest" time="0.061"/>
  <system-out><![CDATA[2021-05-20 18:08:51.563  INFO 19824 --- [    Test worker] .b.t.a.w.s.WebMvcTestContextBootstrapper : Neither @ContextConfiguration nor @ContextHierarchy found for test class [com.dms.web.HelloControllerTest], using SpringBootContextLoader
2021-05-20 18:08:51.565  INFO 19824 --- [    Test worker] o.s.t.c.support.AbstractContextLoader    : Could not detect default resource locations for test class [com.dms.web.HelloControllerTest]: no resource found for suffixes {-context.xml, Context.groovy}.
2021-05-20 18:08:51.566  INFO 19824 --- [    Test worker] t.c.s.AnnotationConfigContextLoaderUtils : Could not detect default configuration classes for test class [com.dms.web.HelloControllerTest]: HelloControllerTest does not declare any static, non-private, non-final, nested classes annotated with @Configuration.
2021-05-20 18:08:51.582  INFO 19824 --- [    Test worker] .b.t.c.SpringBootTestContextBootstrapper : Found @SpringBootConfiguration com.dms.Application for test class com.dms.web.HelloControllerTest
2021-05-20 18:08:51.584  INFO 19824 --- [    Test worker] .b.t.a.w.s.WebMvcTestContextBootstrapper : Loaded default TestExecutionListener class names from location [META-INF/spring.factories]: [org.springframework.security.test.context.support.WithSecurityContextTestExecutionListener, org.springframework.security.test.context.support.ReactorContextTestExecutionListener, org.springframework.boot.test.autoconfigure.restdocs.RestDocsTestExecutionListener, org.springframework.boot.test.autoconfigure.web.client.MockRestServiceServerResetTestExecutionListener, org.springframework.boot.test.autoconfigure.web.servlet.MockMvcPrintOnlyOnFailureTestExecutionListener, org.springframework.boot.test.autoconfigure.web.servlet.WebDriverTestExecutionListener, org.springframework.boot.test.autoconfigure.webservices.client.MockWebServiceServerTestExecutionListener, org.springframework.boot.test.mock.mockito.MockitoTestExecutionListener, org.springframework.boot.test.mock.mockito.ResetMocksTestExecutionListener, org.springframework.test.context.web.ServletTestExecutionListener, org.springframework.test.context.support.DirtiesContextBeforeModesTestExecutionListener, org.springframework.test.context.support.DependencyInjectionTestExecutionListener, org.springframework.test.context.support.DirtiesContextTestExecutionListener, org.springframework.test.context.transaction.TransactionalTestExecutionListener, org.springframework.test.context.jdbc.SqlScriptsTestExecutionListener, org.springframework.test.context.event.EventPublishingTestExecutionListener]
2021-05-20 18:08:51.586  INFO 19824 --- [    Test worker] .b.t.a.w.s.WebMvcTestContextBootstrapper : Using TestExecutionListeners: [org.springframework.test.context.web.ServletTestExecutionListener@52d9c752, org.springframework.test.context.support.DirtiesContextBeforeModesTestExecutionListener@2d7cc58b, org.springframework.boot.test.mock.mockito.MockitoTestExecutionListener@746308d0, org.springframework.boot.test.autoconfigure.SpringBootDependencyInjectionTestExecutionListener@bbde3b0, org.springframework.test.context.support.DirtiesContextTestExecutionListener@17c246c2, org.springframework.test.context.transaction.TransactionalTestExecutionListener@5cd9892c, org.springframework.test.context.jdbc.SqlScriptsTestExecutionListener@30902fef, org.springframework.security.test.context.support.WithSecurityContextTestExecutionListener@5454ea2e, org.springframework.test.context.event.EventPublishingTestExecutionListener@51a54230, org.springframework.security.test.context.support.ReactorContextTestExecutionListener@41a531c1, org.springframework.boot.test.autoconfigure.restdocs.RestDocsTestExecutionListener@70fb914d, org.springframework.boot.test.autoconfigure.web.client.MockRestServiceServerResetTestExecutionListener@30d00e6, org.springframework.boot.test.autoconfigure.web.servlet.MockMvcPrintOnlyOnFailureTestExecutionListener@78c26675, org.springframework.boot.test.autoconfigure.web.servlet.WebDriverTestExecutionListener@10016b95, org.springframework.boot.test.autoconfigure.webservices.client.MockWebServiceServerTestExecutionListener@3cdce121, org.springframework.boot.test.mock.mockito.ResetMocksTestExecutionListener@573dcc6c]

  .   ____          _            __ _ _
 /\\ / ___'_ __ _ _(_)_ __  __ _ \ \ \ \
( ( )\___ | '_ | '_| | '_ \/ _` | \ \ \ \
 \\/  ___)| |_)| | | | | || (_| |  ) ) ) )
  '  |____| .__|_| |_|_| |_\__, | / / / /
 =========|_|==============|___/=/_/_/_/
 :: Spring Boot ::                (v2.4.1)

2021-05-20 18:08:51.657  INFO 19824 --- [    Test worker] com.dms.web.HelloControllerTest          : Starting HelloControllerTest using Java 1.8.0_221 on DESKTOP-3S8VUHG with PID 19824 (started by stam0 in C:\Users\stam0\OneDrive\Desktop\study\Portfolio\Back_end_Learning\Spring\SpringBoot\SpringBoot_AWS\Practice_Project)
2021-05-20 18:08:51.658  INFO 19824 --- [    Test worker] com.dms.web.HelloControllerTest          : No active profile set, falling back to default profiles: default
2021-05-20 18:08:52.379  INFO 19824 --- [    Test worker] o.s.s.concurrent.ThreadPoolTaskExecutor  : Initializing ExecutorService 'applicationTaskExecutor'
2021-05-20 18:08:52.437  INFO 19824 --- [    Test worker] o.s.b.a.w.s.WelcomePageHandlerMapping    : Adding welcome page template: index
2021-05-20 18:08:53.070  INFO 19824 --- [    Test worker] o.s.s.web.DefaultSecurityFilterChain     : Will secure any request with [org.springframework.security.web.context.request.async.WebAsyncManagerIntegrationFilter@17416023, org.springframework.security.web.context.SecurityContextPersistenceFilter@21a2eee0, org.springframework.security.web.header.HeaderWriterFilter@3011c56e, org.springframework.security.web.csrf.CsrfFilter@43ed4d0a, org.springframework.security.web.authentication.logout.LogoutFilter@79f8f600, org.springframework.security.oauth2.client.web.OAuth2AuthorizationRequestRedirectFilter@704fe4f7, org.springframework.security.oauth2.client.web.OAuth2AuthorizationRequestRedirectFilter@6fe19c03, org.springframework.security.oauth2.client.web.OAuth2LoginAuthenticationFilter@37704d04, org.springframework.security.web.authentication.ui.DefaultLoginPageGeneratingFilter@2eede2f8, org.springframework.security.web.authentication.ui.DefaultLogoutPageGeneratingFilter@78620e31, org.springframework.security.web.savedrequest.RequestCacheAwareFilter@20ab90e, org.springframework.security.web.servletapi.SecurityContextHolderAwareRequestFilter@3c0e2694, org.springframework.security.web.authentication.AnonymousAuthenticationFilter@49018551, org.springframework.security.oauth2.client.web.OAuth2AuthorizationCodeGrantFilter@2de3863a, org.springframework.security.web.session.SessionManagementFilter@193d4b7b, org.springframework.security.web.access.ExceptionTranslationFilter@794b5812, org.springframework.security.web.access.intercept.FilterSecurityInterceptor@dfab667]
2021-05-20 18:08:53.190  INFO 19824 --- [    Test worker] o.s.b.t.m.w.SpringBootMockServletContext : Initializing Spring TestDispatcherServlet ''
2021-05-20 18:08:53.191  INFO 19824 --- [    Test worker] o.s.t.web.servlet.TestDispatcherServlet  : Initializing Servlet ''
2021-05-20 18:08:53.191  INFO 19824 --- [    Test worker] o.s.t.web.servlet.TestDispatcherServlet  : Completed initialization in 0 ms
2021-05-20 18:08:53.216  INFO 19824 --- [    Test worker] com.dms.web.HelloControllerTest          : Started HelloControllerTest in 1.625 seconds (JVM running for 18.442)
]]></system-out>
  <system-err><![CDATA[]]></system-err>
</testsuite>
