<?xml version="1.0" encoding="UTF-8"?>
<testsuite name="com.dms.web.IndexControllerTest" tests="1" skipped="0" failures="0" errors="0" timestamp="2021-05-20T07:13:49" hostname="springpractice" time="0.399">
  <properties/>
  <testcase name="메인페이지_로딩" classname="com.dms.web.IndexControllerTest" time="0.399"/>
  <system-out><![CDATA[2021-05-20 16:13:45.326  INFO 31505 --- [    Test worker] .b.t.c.SpringBootTestContextBootstrapper : Neither @ContextConfiguration nor @ContextHierarchy found for test class [com.dms.web.IndexControllerTest], using SpringBootContextLoader
2021-05-20 16:13:45.327  INFO 31505 --- [    Test worker] o.s.t.c.support.AbstractContextLoader    : Could not detect default resource locations for test class [com.dms.web.IndexControllerTest]: no resource found for suffixes {-context.xml, Context.groovy}.
2021-05-20 16:13:45.328  INFO 31505 --- [    Test worker] t.c.s.AnnotationConfigContextLoaderUtils : Could not detect default configuration classes for test class [com.dms.web.IndexControllerTest]: IndexControllerTest does not declare any static, non-private, non-final, nested classes annotated with @Configuration.
2021-05-20 16:13:45.329  INFO 31505 --- [    Test worker] .b.t.c.SpringBootTestContextBootstrapper : Found @SpringBootConfiguration com.dms.Application for test class com.dms.web.IndexControllerTest
2021-05-20 16:13:45.331  INFO 31505 --- [    Test worker] .b.t.c.SpringBootTestContextBootstrapper : Loaded default TestExecutionListener class names from location [META-INF/spring.factories]: [org.springframework.security.test.context.support.WithSecurityContextTestExecutionListener, org.springframework.security.test.context.support.ReactorContextTestExecutionListener, org.springframework.boot.test.autoconfigure.restdocs.RestDocsTestExecutionListener, org.springframework.boot.test.autoconfigure.web.client.MockRestServiceServerResetTestExecutionListener, org.springframework.boot.test.autoconfigure.web.servlet.MockMvcPrintOnlyOnFailureTestExecutionListener, org.springframework.boot.test.autoconfigure.web.servlet.WebDriverTestExecutionListener, org.springframework.boot.test.mock.mockito.MockitoTestExecutionListener, org.springframework.boot.test.mock.mockito.ResetMocksTestExecutionListener, org.springframework.test.context.web.ServletTestExecutionListener, org.springframework.test.context.support.DirtiesContextBeforeModesTestExecutionListener, org.springframework.test.context.support.DependencyInjectionTestExecutionListener, org.springframework.test.context.support.DirtiesContextTestExecutionListener, org.springframework.test.context.transaction.TransactionalTestExecutionListener, org.springframework.test.context.jdbc.SqlScriptsTestExecutionListener]
2021-05-20 16:13:45.332  INFO 31505 --- [    Test worker] .b.t.c.SpringBootTestContextBootstrapper : Using TestExecutionListeners: [org.springframework.test.context.web.ServletTestExecutionListener@337bb4bb, org.springframework.test.context.support.DirtiesContextBeforeModesTestExecutionListener@68de0e76, org.springframework.boot.test.mock.mockito.MockitoTestExecutionListener@32648499, org.springframework.boot.test.autoconfigure.SpringBootDependencyInjectionTestExecutionListener@434de5c6, org.springframework.test.context.support.DirtiesContextTestExecutionListener@2d7d4f78, org.springframework.test.context.transaction.TransactionalTestExecutionListener@3548591f, org.springframework.test.context.jdbc.SqlScriptsTestExecutionListener@239e4363, org.springframework.security.test.context.support.WithSecurityContextTestExecutionListener@f51f103, org.springframework.security.test.context.support.ReactorContextTestExecutionListener@4890691e, org.springframework.boot.test.autoconfigure.restdocs.RestDocsTestExecutionListener@3fe741b2, org.springframework.boot.test.autoconfigure.web.client.MockRestServiceServerResetTestExecutionListener@6eb38876, org.springframework.boot.test.autoconfigure.web.servlet.MockMvcPrintOnlyOnFailureTestExecutionListener@6e6ab54a, org.springframework.boot.test.autoconfigure.web.servlet.WebDriverTestExecutionListener@2579f900, org.springframework.boot.test.mock.mockito.ResetMocksTestExecutionListener@2016d6cc]

  .   ____          _            __ _ _
 /\\ / ___'_ __ _ _(_)_ __  __ _ \ \ \ \
( ( )\___ | '_ | '_| | '_ \/ _` | \ \ \ \
 \\/  ___)| |_)| | | | | || (_| |  ) ) ) )
  '  |____| .__|_| |_|_| |_\__, | / / / /
 =========|_|==============|___/=/_/_/_/
 :: Spring Boot ::        (v2.1.9.RELEASE)

2021-05-20 16:13:45.392  INFO 31505 --- [    Test worker] com.dms.web.IndexControllerTest          : Starting IndexControllerTest on springpractice with PID 31505 (started by ec2-user in /home/ec2-user/app/step1/SpringBoot_AWS_Practice_Project)
2021-05-20 16:13:45.401  INFO 31505 --- [    Test worker] com.dms.web.IndexControllerTest          : No active profile set, falling back to default profiles: default
2021-05-20 16:13:45.789  INFO 31505 --- [    Test worker] .s.d.r.c.RepositoryConfigurationDelegate : Bootstrapping Spring Data repositories in DEFAULT mode.
2021-05-20 16:13:45.826  INFO 31505 --- [    Test worker] .s.d.r.c.RepositoryConfigurationDelegate : Finished Spring Data repository scanning in 32ms. Found 2 repository interfaces.
2021-05-20 16:13:46.035  INFO 31505 --- [    Test worker] trationDelegate$BeanPostProcessorChecker : Bean 'org.springframework.transaction.annotation.ProxyTransactionManagementConfiguration' of type [org.springframework.transaction.annotation.ProxyTransactionManagementConfiguration$$EnhancerBySpringCGLIB$$346ad4a5] is not eligible for getting processed by all BeanPostProcessors (for example: not eligible for auto-proxying)
2021-05-20 16:13:46.522  INFO 31505 --- [    Test worker] o.s.b.w.embedded.tomcat.TomcatWebServer  : Tomcat initialized with port(s): 0 (http)
2021-05-20 16:13:46.615  INFO 31505 --- [    Test worker] o.apache.catalina.core.StandardService   : Starting service [Tomcat]
2021-05-20 16:13:46.616  INFO 31505 --- [    Test worker] org.apache.catalina.core.StandardEngine  : Starting Servlet engine: [Apache Tomcat/9.0.26]
2021-05-20 16:13:47.075  INFO 31505 --- [    Test worker] o.a.c.c.C.[Tomcat].[localhost].[/]       : Initializing Spring embedded WebApplicationContext
2021-05-20 16:13:47.076  INFO 31505 --- [    Test worker] o.s.web.context.ContextLoader            : Root WebApplicationContext: initialization completed in 1673 ms
2021-05-20 16:13:47.416  INFO 31505 --- [    Test worker] com.zaxxer.hikari.HikariDataSource       : HikariPool-2 - Starting...
2021-05-20 16:13:47.418  INFO 31505 --- [    Test worker] com.zaxxer.hikari.HikariDataSource       : HikariPool-2 - Start completed.
2021-05-20 16:13:47.465  INFO 31505 --- [    Test worker] o.hibernate.jpa.internal.util.LogHelper  : HHH000204: Processing PersistenceUnitInfo [
	name: default
	...]
2021-05-20 16:13:47.479  INFO 31505 --- [    Test worker] org.hibernate.dialect.Dialect            : HHH000400: Using dialect: org.hibernate.dialect.MySQL5InnoDBDialect
Hibernate: drop table if exists posts
Hibernate: drop table if exists user
Hibernate: create table posts (id bigint not null auto_increment, created_date datetime, modified_date datetime, author varchar(255), content TEXT not null, title varchar(500) not null, primary key (id)) engine=InnoDB
Hibernate: create table user (id bigint not null auto_increment, created_date datetime, modified_date datetime, email varchar(255) not null, name varchar(255) not null, picture varchar(255), role varchar(255) not null, primary key (id)) engine=InnoDB
2021-05-20 16:13:47.624  INFO 31505 --- [    Test worker] o.h.t.schema.internal.SchemaCreatorImpl  : HHH000476: Executing import script 'org.hibernate.tool.schema.internal.exec.ScriptSourceInputNonExistentImpl@2712ff3f'
2021-05-20 16:13:47.628  INFO 31505 --- [    Test worker] j.LocalContainerEntityManagerFactoryBean : Initialized JPA EntityManagerFactory for persistence unit 'default'
2021-05-20 16:13:48.307  INFO 31505 --- [    Test worker] o.h.h.i.QueryTranslatorFactoryInitiator  : HHH000397: Using ASTQueryTranslatorFactory
2021-05-20 16:13:48.619  INFO 31505 --- [    Test worker] o.s.s.web.DefaultSecurityFilterChain     : Creating filter chain: any request, [org.springframework.security.web.context.request.async.WebAsyncManagerIntegrationFilter@66a009c4, org.springframework.security.web.context.SecurityContextPersistenceFilter@270dff18, org.springframework.security.web.header.HeaderWriterFilter@574f301a, org.springframework.security.web.authentication.logout.LogoutFilter@6b40dfe1, org.springframework.security.oauth2.client.web.OAuth2AuthorizationRequestRedirectFilter@31ceb59f, org.springframework.security.oauth2.client.web.OAuth2LoginAuthenticationFilter@46efb562, org.springframework.security.web.authentication.ui.DefaultLoginPageGeneratingFilter@237d11a9, org.springframework.security.web.authentication.ui.DefaultLogoutPageGeneratingFilter@b7fc33a, org.springframework.security.web.savedrequest.RequestCacheAwareFilter@1e05458, org.springframework.security.web.servletapi.SecurityContextHolderAwareRequestFilter@2f017b9e, org.springframework.security.web.authentication.AnonymousAuthenticationFilter@4f59fd87, org.springframework.security.web.session.SessionManagementFilter@7e8e5fc8, org.springframework.security.web.access.ExceptionTranslationFilter@6ca95c55, org.springframework.security.web.access.intercept.FilterSecurityInterceptor@6d10144e]
2021-05-20 16:13:49.011  INFO 31505 --- [    Test worker] o.s.s.concurrent.ThreadPoolTaskExecutor  : Initializing ExecutorService 'applicationTaskExecutor'
2021-05-20 16:13:49.044  WARN 31505 --- [    Test worker] aWebConfiguration$JpaWebMvcConfiguration : spring.jpa.open-in-view is enabled by default. Therefore, database queries may be performed during view rendering. Explicitly configure spring.jpa.open-in-view to disable this warning
2021-05-20 16:13:49.106  INFO 31505 --- [    Test worker] o.s.b.a.w.s.WelcomePageHandlerMapping    : Adding welcome page template: index
2021-05-20 16:13:49.601  INFO 31505 --- [    Test worker] s.a.ScheduledAnnotationBeanPostProcessor : No TaskScheduler/ScheduledExecutorService bean found for scheduled processing
2021-05-20 16:13:49.661  INFO 31505 --- [    Test worker] o.s.b.w.embedded.tomcat.TomcatWebServer  : Tomcat started on port(s): 44555 (http) with context path ''
2021-05-20 16:13:49.666  INFO 31505 --- [    Test worker] com.dms.web.IndexControllerTest          : Started IndexControllerTest in 4.326 seconds (JVM running for 21.815)
2021-05-20 16:13:49.886  INFO 31505 --- [o-auto-1-exec-1] o.a.c.c.C.[Tomcat].[localhost].[/]       : Initializing Spring DispatcherServlet 'dispatcherServlet'
2021-05-20 16:13:49.887  INFO 31505 --- [o-auto-1-exec-1] o.s.web.servlet.DispatcherServlet        : Initializing Servlet 'dispatcherServlet'
2021-05-20 16:13:49.908  INFO 31505 --- [o-auto-1-exec-1] o.s.web.servlet.DispatcherServlet        : Completed initialization in 21 ms
Hibernate: select posts0_.id as id1_0_, posts0_.created_date as created_2_0_, posts0_.modified_date as modified3_0_, posts0_.author as author4_0_, posts0_.content as content5_0_, posts0_.title as title6_0_ from posts posts0_ order by posts0_.id DESC
]]></system-out>
  <system-err><![CDATA[]]></system-err>
</testsuite>
