<?xml version="1.0" encoding="UTF-8"?>
<testsuite name="com.dms.web.HelloControllerTest" tests="2" skipped="0" failures="0" errors="0" timestamp="2021-05-20T06:15:45" hostname="springpractice" time="0.311">
  <properties/>
  <testcase name="hello가_리턴된다" classname="com.dms.web.HelloControllerTest" time="0.145"/>
  <testcase name="helloDto가_리턴된다" classname="com.dms.web.HelloControllerTest" time="0.165"/>
  <system-out><![CDATA[2021-05-20 15:15:43.988  INFO 3482 --- [    Test worker] .b.t.a.w.s.WebMvcTestContextBootstrapper : Neither @ContextConfiguration nor @ContextHierarchy found for test class [com.dms.web.HelloControllerTest], using SpringBootContextLoader
2021-05-20 15:15:43.992  INFO 3482 --- [    Test worker] o.s.t.c.support.AbstractContextLoader    : Could not detect default resource locations for test class [com.dms.web.HelloControllerTest]: no resource found for suffixes {-context.xml, Context.groovy}.
2021-05-20 15:15:43.992  INFO 3482 --- [    Test worker] t.c.s.AnnotationConfigContextLoaderUtils : Could not detect default configuration classes for test class [com.dms.web.HelloControllerTest]: HelloControllerTest does not declare any static, non-private, non-final, nested classes annotated with @Configuration.
2021-05-20 15:15:44.040  INFO 3482 --- [    Test worker] .b.t.c.SpringBootTestContextBootstrapper : Found @SpringBootConfiguration com.dms.Application for test class com.dms.web.HelloControllerTest
2021-05-20 15:15:44.041  INFO 3482 --- [    Test worker] .b.t.a.w.s.WebMvcTestContextBootstrapper : Loaded default TestExecutionListener class names from location [META-INF/spring.factories]: [org.springframework.security.test.context.support.WithSecurityContextTestExecutionListener, org.springframework.security.test.context.support.ReactorContextTestExecutionListener, org.springframework.boot.test.autoconfigure.restdocs.RestDocsTestExecutionListener, org.springframework.boot.test.autoconfigure.web.client.MockRestServiceServerResetTestExecutionListener, org.springframework.boot.test.autoconfigure.web.servlet.MockMvcPrintOnlyOnFailureTestExecutionListener, org.springframework.boot.test.autoconfigure.web.servlet.WebDriverTestExecutionListener, org.springframework.boot.test.mock.mockito.MockitoTestExecutionListener, org.springframework.boot.test.mock.mockito.ResetMocksTestExecutionListener, org.springframework.test.context.web.ServletTestExecutionListener, org.springframework.test.context.support.DirtiesContextBeforeModesTestExecutionListener, org.springframework.test.context.support.DependencyInjectionTestExecutionListener, org.springframework.test.context.support.DirtiesContextTestExecutionListener, org.springframework.test.context.transaction.TransactionalTestExecutionListener, org.springframework.test.context.jdbc.SqlScriptsTestExecutionListener]
2021-05-20 15:15:44.042  INFO 3482 --- [    Test worker] .b.t.a.w.s.WebMvcTestContextBootstrapper : Using TestExecutionListeners: [org.springframework.test.context.web.ServletTestExecutionListener@56a09eaa, org.springframework.test.context.support.DirtiesContextBeforeModesTestExecutionListener@710c821b, org.springframework.boot.test.mock.mockito.MockitoTestExecutionListener@5f1324e1, org.springframework.boot.test.autoconfigure.SpringBootDependencyInjectionTestExecutionListener@47d6ffe1, org.springframework.test.context.support.DirtiesContextTestExecutionListener@15516c7f, org.springframework.test.context.transaction.TransactionalTestExecutionListener@d83894, org.springframework.test.context.jdbc.SqlScriptsTestExecutionListener@462a2042, org.springframework.security.test.context.support.WithSecurityContextTestExecutionListener@36f3e691, org.springframework.security.test.context.support.ReactorContextTestExecutionListener@28df46a4, org.springframework.boot.test.autoconfigure.restdocs.RestDocsTestExecutionListener@6902c7b3, org.springframework.boot.test.autoconfigure.web.client.MockRestServiceServerResetTestExecutionListener@7ebdc2e1, org.springframework.boot.test.autoconfigure.web.servlet.MockMvcPrintOnlyOnFailureTestExecutionListener@57d364c9, org.springframework.boot.test.autoconfigure.web.servlet.WebDriverTestExecutionListener@5ebf2f1, org.springframework.boot.test.mock.mockito.ResetMocksTestExecutionListener@7a2b92a0]

  .   ____          _            __ _ _
 /\\ / ___'_ __ _ _(_)_ __  __ _ \ \ \ \
( ( )\___ | '_ | '_| | '_ \/ _` | \ \ \ \
 \\/  ___)| |_)| | | | | || (_| |  ) ) ) )
  '  |____| .__|_| |_|_| |_\__, | / / / /
 =========|_|==============|___/=/_/_/_/
 :: Spring Boot ::        (v2.1.9.RELEASE)

2021-05-20 15:15:44.109  INFO 3482 --- [    Test worker] com.dms.web.HelloControllerTest          : Starting HelloControllerTest on springpractice with PID 3482 (started by ec2-user in /home/ec2-user/app/step1/SpringBoot_AWS_Practice_Project)
2021-05-20 15:15:44.111  INFO 3482 --- [    Test worker] com.dms.web.HelloControllerTest          : No active profile set, falling back to default profiles: default
2021-05-20 15:15:45.002  INFO 3482 --- [    Test worker] o.s.s.concurrent.ThreadPoolTaskExecutor  : Initializing ExecutorService 'applicationTaskExecutor'
2021-05-20 15:15:45.093  INFO 3482 --- [    Test worker] o.s.b.a.w.s.WelcomePageHandlerMapping    : Adding welcome page template: index
2021-05-20 15:15:45.484  INFO 3482 --- [    Test worker] .s.s.UserDetailsServiceAutoConfiguration : 

Using generated security password: e7096baf-63ef-4840-bb1b-7c049819045f

2021-05-20 15:15:45.717  INFO 3482 --- [    Test worker] o.s.s.web.DefaultSecurityFilterChain     : Creating filter chain: any request, [org.springframework.security.web.context.request.async.WebAsyncManagerIntegrationFilter@78f5d17d, org.springframework.security.web.context.SecurityContextPersistenceFilter@546d1e81, org.springframework.security.web.header.HeaderWriterFilter@60a30fe, org.springframework.security.web.csrf.CsrfFilter@5e86524d, org.springframework.security.web.authentication.logout.LogoutFilter@357c07bb, org.springframework.security.web.authentication.UsernamePasswordAuthenticationFilter@79c607e6, org.springframework.security.web.authentication.ui.DefaultLoginPageGeneratingFilter@c4ec099, org.springframework.security.web.authentication.ui.DefaultLogoutPageGeneratingFilter@78a3694f, org.springframework.security.web.authentication.www.BasicAuthenticationFilter@29accb8f, org.springframework.security.web.savedrequest.RequestCacheAwareFilter@216ed94a, org.springframework.security.web.servletapi.SecurityContextHolderAwareRequestFilter@76348059, org.springframework.security.web.authentication.AnonymousAuthenticationFilter@379c3567, org.springframework.security.web.session.SessionManagementFilter@6a720e48, org.springframework.security.web.access.ExceptionTranslationFilter@1b6dd37d, org.springframework.security.web.access.intercept.FilterSecurityInterceptor@54bb269f]
2021-05-20 15:15:45.786  INFO 3482 --- [    Test worker] o.s.b.t.m.w.SpringBootMockServletContext : Initializing Spring TestDispatcherServlet ''
2021-05-20 15:15:45.787  INFO 3482 --- [    Test worker] o.s.t.web.servlet.TestDispatcherServlet  : Initializing Servlet ''
2021-05-20 15:15:45.814  INFO 3482 --- [    Test worker] o.s.t.web.servlet.TestDispatcherServlet  : Completed initialization in 26 ms
2021-05-20 15:15:45.867  INFO 3482 --- [    Test worker] com.dms.web.HelloControllerTest          : Started HelloControllerTest in 1.812 seconds (JVM running for 17.233)
]]></system-out>
  <system-err><![CDATA[]]></system-err>
</testsuite>
