<?xml version="1.0" encoding="UTF-8"?>
<testsuite name="com.dms.web.HelloControllerTest" tests="2" skipped="0" failures="0" errors="0" timestamp="2021-05-20T07:13:44" hostname="springpractice" time="0.321">
  <properties/>
  <testcase name="hello가_리턴된다" classname="com.dms.web.HelloControllerTest" time="0.152"/>
  <testcase name="helloDto가_리턴된다" classname="com.dms.web.HelloControllerTest" time="0.165"/>
  <system-out><![CDATA[2021-05-20 16:13:43.153  INFO 31505 --- [    Test worker] .b.t.a.w.s.WebMvcTestContextBootstrapper : Neither @ContextConfiguration nor @ContextHierarchy found for test class [com.dms.web.HelloControllerTest], using SpringBootContextLoader
2021-05-20 16:13:43.160  INFO 31505 --- [    Test worker] o.s.t.c.support.AbstractContextLoader    : Could not detect default resource locations for test class [com.dms.web.HelloControllerTest]: no resource found for suffixes {-context.xml, Context.groovy}.
2021-05-20 16:13:43.161  INFO 31505 --- [    Test worker] t.c.s.AnnotationConfigContextLoaderUtils : Could not detect default configuration classes for test class [com.dms.web.HelloControllerTest]: HelloControllerTest does not declare any static, non-private, non-final, nested classes annotated with @Configuration.
2021-05-20 16:13:43.210  INFO 31505 --- [    Test worker] .b.t.c.SpringBootTestContextBootstrapper : Found @SpringBootConfiguration com.dms.Application for test class com.dms.web.HelloControllerTest
2021-05-20 16:13:43.215  INFO 31505 --- [    Test worker] .b.t.a.w.s.WebMvcTestContextBootstrapper : Loaded default TestExecutionListener class names from location [META-INF/spring.factories]: [org.springframework.security.test.context.support.WithSecurityContextTestExecutionListener, org.springframework.security.test.context.support.ReactorContextTestExecutionListener, org.springframework.boot.test.autoconfigure.restdocs.RestDocsTestExecutionListener, org.springframework.boot.test.autoconfigure.web.client.MockRestServiceServerResetTestExecutionListener, org.springframework.boot.test.autoconfigure.web.servlet.MockMvcPrintOnlyOnFailureTestExecutionListener, org.springframework.boot.test.autoconfigure.web.servlet.WebDriverTestExecutionListener, org.springframework.boot.test.mock.mockito.MockitoTestExecutionListener, org.springframework.boot.test.mock.mockito.ResetMocksTestExecutionListener, org.springframework.test.context.web.ServletTestExecutionListener, org.springframework.test.context.support.DirtiesContextBeforeModesTestExecutionListener, org.springframework.test.context.support.DependencyInjectionTestExecutionListener, org.springframework.test.context.support.DirtiesContextTestExecutionListener, org.springframework.test.context.transaction.TransactionalTestExecutionListener, org.springframework.test.context.jdbc.SqlScriptsTestExecutionListener]
2021-05-20 16:13:43.221  INFO 31505 --- [    Test worker] .b.t.a.w.s.WebMvcTestContextBootstrapper : Using TestExecutionListeners: [org.springframework.test.context.web.ServletTestExecutionListener@3dd22407, org.springframework.test.context.support.DirtiesContextBeforeModesTestExecutionListener@4a10b403, org.springframework.boot.test.mock.mockito.MockitoTestExecutionListener@6440b1b4, org.springframework.boot.test.autoconfigure.SpringBootDependencyInjectionTestExecutionListener@777aa5a1, org.springframework.test.context.support.DirtiesContextTestExecutionListener@5ba44555, org.springframework.test.context.transaction.TransactionalTestExecutionListener@14db528e, org.springframework.test.context.jdbc.SqlScriptsTestExecutionListener@75f79cb0, org.springframework.security.test.context.support.WithSecurityContextTestExecutionListener@57026802, org.springframework.security.test.context.support.ReactorContextTestExecutionListener@2ef5115a, org.springframework.boot.test.autoconfigure.restdocs.RestDocsTestExecutionListener@60f46928, org.springframework.boot.test.autoconfigure.web.client.MockRestServiceServerResetTestExecutionListener@292f7b9a, org.springframework.boot.test.autoconfigure.web.servlet.MockMvcPrintOnlyOnFailureTestExecutionListener@6da944c5, org.springframework.boot.test.autoconfigure.web.servlet.WebDriverTestExecutionListener@6bd0e7eb, org.springframework.boot.test.mock.mockito.ResetMocksTestExecutionListener@282e6e90]

  .   ____          _            __ _ _
 /\\ / ___'_ __ _ _(_)_ __  __ _ \ \ \ \
( ( )\___ | '_ | '_| | '_ \/ _` | \ \ \ \
 \\/  ___)| |_)| | | | | || (_| |  ) ) ) )
  '  |____| .__|_| |_|_| |_\__, | / / / /
 =========|_|==============|___/=/_/_/_/
 :: Spring Boot ::        (v2.1.9.RELEASE)

2021-05-20 16:13:43.274  INFO 31505 --- [    Test worker] com.dms.web.HelloControllerTest          : Starting HelloControllerTest on springpractice with PID 31505 (started by ec2-user in /home/ec2-user/app/step1/SpringBoot_AWS_Practice_Project)
2021-05-20 16:13:43.284  INFO 31505 --- [    Test worker] com.dms.web.HelloControllerTest          : No active profile set, falling back to default profiles: default
2021-05-20 16:13:44.166  INFO 31505 --- [    Test worker] o.s.s.concurrent.ThreadPoolTaskExecutor  : Initializing ExecutorService 'applicationTaskExecutor'
2021-05-20 16:13:44.239  INFO 31505 --- [    Test worker] o.s.b.a.w.s.WelcomePageHandlerMapping    : Adding welcome page template: index
2021-05-20 16:13:44.598  INFO 31505 --- [    Test worker] .s.s.UserDetailsServiceAutoConfiguration : 

Using generated security password: b03603fc-2033-4be9-9ac8-9093d8b90d23

2021-05-20 16:13:44.831  INFO 31505 --- [    Test worker] o.s.s.web.DefaultSecurityFilterChain     : Creating filter chain: any request, [org.springframework.security.web.context.request.async.WebAsyncManagerIntegrationFilter@11b487b7, org.springframework.security.web.context.SecurityContextPersistenceFilter@7fd1aa28, org.springframework.security.web.header.HeaderWriterFilter@74310455, org.springframework.security.web.csrf.CsrfFilter@7bd2342a, org.springframework.security.web.authentication.logout.LogoutFilter@2ef230d5, org.springframework.security.web.authentication.UsernamePasswordAuthenticationFilter@13672529, org.springframework.security.web.authentication.ui.DefaultLoginPageGeneratingFilter@5d6e4a6c, org.springframework.security.web.authentication.ui.DefaultLogoutPageGeneratingFilter@493cadc, org.springframework.security.web.authentication.www.BasicAuthenticationFilter@443b432f, org.springframework.security.web.savedrequest.RequestCacheAwareFilter@7f9bdb60, org.springframework.security.web.servletapi.SecurityContextHolderAwareRequestFilter@3f46b6a, org.springframework.security.web.authentication.AnonymousAuthenticationFilter@1aafd35a, org.springframework.security.web.session.SessionManagementFilter@1ea80d9d, org.springframework.security.web.access.ExceptionTranslationFilter@706e0486, org.springframework.security.web.access.intercept.FilterSecurityInterceptor@13950f4c]
2021-05-20 16:13:44.903  INFO 31505 --- [    Test worker] o.s.b.t.m.w.SpringBootMockServletContext : Initializing Spring TestDispatcherServlet ''
2021-05-20 16:13:44.904  INFO 31505 --- [    Test worker] o.s.t.web.servlet.TestDispatcherServlet  : Initializing Servlet ''
2021-05-20 16:13:44.931  INFO 31505 --- [    Test worker] o.s.t.web.servlet.TestDispatcherServlet  : Completed initialization in 26 ms
2021-05-20 16:13:44.993  INFO 31505 --- [    Test worker] com.dms.web.HelloControllerTest          : Started HelloControllerTest in 1.769 seconds (JVM running for 17.142)
]]></system-out>
  <system-err><![CDATA[]]></system-err>
</testsuite>
