<?xml version="1.0" encoding="UTF-8"?>
<testsuite name="com.dms.web.ProfileControllerTest" tests="1" skipped="0" failures="0" errors="0" timestamp="2021-05-24T09:06:22" hostname="DESKTOP-3S8VUHG" time="0.033">
  <properties/>
  <testcase name="profile은_인증없이_호출된다()" classname="com.dms.web.ProfileControllerTest" time="0.033"/>
  <system-out><![CDATA[2021-05-24 18:06:22.891  INFO 10260 --- [    Test worker] .b.t.c.SpringBootTestContextBootstrapper : Neither @ContextConfiguration nor @ContextHierarchy found for test class [com.dms.web.ProfileControllerTest], using SpringBootContextLoader
2021-05-24 18:06:22.894  INFO 10260 --- [    Test worker] o.s.t.c.support.AbstractContextLoader    : Could not detect default resource locations for test class [com.dms.web.ProfileControllerTest]: no resource found for suffixes {-context.xml, Context.groovy}.
2021-05-24 18:06:22.895  INFO 10260 --- [    Test worker] t.c.s.AnnotationConfigContextLoaderUtils : Could not detect default configuration classes for test class [com.dms.web.ProfileControllerTest]: ProfileControllerTest does not declare any static, non-private, non-final, nested classes annotated with @Configuration.
2021-05-24 18:06:22.898  INFO 10260 --- [    Test worker] .b.t.c.SpringBootTestContextBootstrapper : Found @SpringBootConfiguration com.dms.Application for test class com.dms.web.ProfileControllerTest
2021-05-24 18:06:22.902  INFO 10260 --- [    Test worker] .b.t.c.SpringBootTestContextBootstrapper : Loaded default TestExecutionListener class names from location [META-INF/spring.factories]: [org.springframework.security.test.context.support.WithSecurityContextTestExecutionListener, org.springframework.security.test.context.support.ReactorContextTestExecutionListener, org.springframework.boot.test.autoconfigure.restdocs.RestDocsTestExecutionListener, org.springframework.boot.test.autoconfigure.web.client.MockRestServiceServerResetTestExecutionListener, org.springframework.boot.test.autoconfigure.web.servlet.MockMvcPrintOnlyOnFailureTestExecutionListener, org.springframework.boot.test.autoconfigure.web.servlet.WebDriverTestExecutionListener, org.springframework.boot.test.autoconfigure.webservices.client.MockWebServiceServerTestExecutionListener, org.springframework.boot.test.mock.mockito.MockitoTestExecutionListener, org.springframework.boot.test.mock.mockito.ResetMocksTestExecutionListener, org.springframework.test.context.web.ServletTestExecutionListener, org.springframework.test.context.support.DirtiesContextBeforeModesTestExecutionListener, org.springframework.test.context.support.DependencyInjectionTestExecutionListener, org.springframework.test.context.support.DirtiesContextTestExecutionListener, org.springframework.test.context.transaction.TransactionalTestExecutionListener, org.springframework.test.context.jdbc.SqlScriptsTestExecutionListener, org.springframework.test.context.event.EventPublishingTestExecutionListener]
2021-05-24 18:06:22.904  INFO 10260 --- [    Test worker] .b.t.c.SpringBootTestContextBootstrapper : Using TestExecutionListeners: [org.springframework.test.context.web.ServletTestExecutionListener@1123d716, org.springframework.test.context.support.DirtiesContextBeforeModesTestExecutionListener@2e14168, org.springframework.boot.test.mock.mockito.MockitoTestExecutionListener@27d8a0b0, org.springframework.boot.test.autoconfigure.SpringBootDependencyInjectionTestExecutionListener@65604a79, org.springframework.test.context.support.DirtiesContextTestExecutionListener@6af4baa4, org.springframework.test.context.transaction.TransactionalTestExecutionListener@62165c93, org.springframework.test.context.jdbc.SqlScriptsTestExecutionListener@29ad41, org.springframework.security.test.context.support.WithSecurityContextTestExecutionListener@677d0cbf, org.springframework.test.context.event.EventPublishingTestExecutionListener@2893ab6e, org.springframework.security.test.context.support.ReactorContextTestExecutionListener@78b1982b, org.springframework.boot.test.autoconfigure.restdocs.RestDocsTestExecutionListener@353f61d9, org.springframework.boot.test.autoconfigure.web.client.MockRestServiceServerResetTestExecutionListener@3a288b35, org.springframework.boot.test.autoconfigure.web.servlet.MockMvcPrintOnlyOnFailureTestExecutionListener@f559fc5, org.springframework.boot.test.autoconfigure.web.servlet.WebDriverTestExecutionListener@7b513ec4, org.springframework.boot.test.autoconfigure.webservices.client.MockWebServiceServerTestExecutionListener@35aeb9de, org.springframework.boot.test.mock.mockito.ResetMocksTestExecutionListener@4ba1ed7d]
]]></system-out>
  <system-err><![CDATA[]]></system-err>
</testsuite>
