<?xml version="1.0" encoding="UTF-8"?>
<testsuite name="com.dms.web.ProfileControllerUnitTest" tests="3" skipped="0" failures="0" errors="0" timestamp="2021-05-24T09:06:22" hostname="DESKTOP-3S8VUHG" time="0.012">
  <properties/>
  <testcase name="active_profile이_없으면_default가_조회된다()" classname="com.dms.web.ProfileControllerUnitTest" time="0.008"/>
  <testcase name="real_profile이_없으면_첫번째가_조회된다()" classname="com.dms.web.ProfileControllerUnitTest" time="0.001"/>
  <testcase name="real_profile이_조회된다()" classname="com.dms.web.ProfileControllerUnitTest" time="0.001"/>
  <system-out><![CDATA[]]></system-out>
  <system-err><![CDATA[]]></system-err>
</testsuite>
