<?xml version="1.0" encoding="UTF-8"?>
<testsuite name="com.dms.web.IndexControllerTest" tests="1" skipped="0" failures="0" errors="0" timestamp="2021-05-18T08:18:28" hostname="DESKTOP-3S8VUHG" time="0.388">
  <properties/>
  <testcase name="메인페이지_로딩" classname="com.dms.web.IndexControllerTest" time="0.388"/>
  <system-out><![CDATA[2021-05-18 17:18:23.993  INFO 19868 --- [    Test worker] .b.t.c.SpringBootTestContextBootstrapper : Neither @ContextConfiguration nor @ContextHierarchy found for test class [com.dms.web.IndexControllerTest], using SpringBootContextLoader
2021-05-18 17:18:23.995  INFO 19868 --- [    Test worker] o.s.t.c.support.AbstractContextLoader    : Could not detect default resource locations for test class [com.dms.web.IndexControllerTest]: no resource found for suffixes {-context.xml, Context.groovy}.
2021-05-18 17:18:23.996  INFO 19868 --- [    Test worker] t.c.s.AnnotationConfigContextLoaderUtils : Could not detect default configuration classes for test class [com.dms.web.IndexControllerTest]: IndexControllerTest does not declare any static, non-private, non-final, nested classes annotated with @Configuration.
2021-05-18 17:18:24.000  INFO 19868 --- [    Test worker] .b.t.c.SpringBootTestContextBootstrapper : Found @SpringBootConfiguration com.dms.Application for test class com.dms.web.IndexControllerTest
2021-05-18 17:18:24.002  INFO 19868 --- [    Test worker] .b.t.c.SpringBootTestContextBootstrapper : Loaded default TestExecutionListener class names from location [META-INF/spring.factories]: [org.springframework.security.test.context.support.WithSecurityContextTestExecutionListener, org.springframework.security.test.context.support.ReactorContextTestExecutionListener, org.springframework.boot.test.autoconfigure.restdocs.RestDocsTestExecutionListener, org.springframework.boot.test.autoconfigure.web.client.MockRestServiceServerResetTestExecutionListener, org.springframework.boot.test.autoconfigure.web.servlet.MockMvcPrintOnlyOnFailureTestExecutionListener, org.springframework.boot.test.autoconfigure.web.servlet.WebDriverTestExecutionListener, org.springframework.boot.test.mock.mockito.MockitoTestExecutionListener, org.springframework.boot.test.mock.mockito.ResetMocksTestExecutionListener, org.springframework.test.context.web.ServletTestExecutionListener, org.springframework.test.context.support.DirtiesContextBeforeModesTestExecutionListener, org.springframework.test.context.support.DependencyInjectionTestExecutionListener, org.springframework.test.context.support.DirtiesContextTestExecutionListener, org.springframework.test.context.transaction.TransactionalTestExecutionListener, org.springframework.test.context.jdbc.SqlScriptsTestExecutionListener]
2021-05-18 17:18:24.004  INFO 19868 --- [    Test worker] .b.t.c.SpringBootTestContextBootstrapper : Using TestExecutionListeners: [org.springframework.test.context.web.ServletTestExecutionListener@1712f5b2, org.springframework.test.context.support.DirtiesContextBeforeModesTestExecutionListener@d4cca78, org.springframework.boot.test.mock.mockito.MockitoTestExecutionListener@5b2b48c8, org.springframework.boot.test.autoconfigure.SpringBootDependencyInjectionTestExecutionListener@3e092d7d, org.springframework.test.context.support.DirtiesContextTestExecutionListener@3eb6f06b, org.springframework.test.context.transaction.TransactionalTestExecutionListener@55c2e2cf, org.springframework.test.context.jdbc.SqlScriptsTestExecutionListener@542e8db7, org.springframework.security.test.context.support.WithSecurityContextTestExecutionListener@233b308a, org.springframework.security.test.context.support.ReactorContextTestExecutionListener@2a87b92e, org.springframework.boot.test.autoconfigure.restdocs.RestDocsTestExecutionListener@6811f22b, org.springframework.boot.test.autoconfigure.web.client.MockRestServiceServerResetTestExecutionListener@48f289ab, org.springframework.boot.test.autoconfigure.web.servlet.MockMvcPrintOnlyOnFailureTestExecutionListener@32374f5f, org.springframework.boot.test.autoconfigure.web.servlet.WebDriverTestExecutionListener@256edefe, org.springframework.boot.test.mock.mockito.ResetMocksTestExecutionListener@4209e0d2]

  .   ____          _            __ _ _
 /\\ / ___'_ __ _ _(_)_ __  __ _ \ \ \ \
( ( )\___ | '_ | '_| | '_ \/ _` | \ \ \ \
 \\/  ___)| |_)| | | | | || (_| |  ) ) ) )
  '  |____| .__|_| |_|_| |_\__, | / / / /
 =========|_|==============|___/=/_/_/_/
 :: Spring Boot ::        (v2.1.9.RELEASE)

2021-05-18 17:18:24.058  INFO 19868 --- [    Test worker] com.dms.web.IndexControllerTest          : Starting IndexControllerTest on DESKTOP-3S8VUHG with PID 19868 (started by stam0 in C:\Users\stam0\OneDrive\Desktop\study\Portfolio\Back_end_Learning\Spring\SpringBoot\SpringBoot_AWS\Practice_Project)
2021-05-18 17:18:24.059  INFO 19868 --- [    Test worker] com.dms.web.IndexControllerTest          : No active profile set, falling back to default profiles: default
2021-05-18 17:18:24.464  INFO 19868 --- [    Test worker] .s.d.r.c.RepositoryConfigurationDelegate : Bootstrapping Spring Data repositories in DEFAULT mode.
2021-05-18 17:18:24.510  INFO 19868 --- [    Test worker] .s.d.r.c.RepositoryConfigurationDelegate : Finished Spring Data repository scanning in 46ms. Found 2 repository interfaces.
2021-05-18 17:18:24.688  INFO 19868 --- [    Test worker] trationDelegate$BeanPostProcessorChecker : Bean 'org.springframework.transaction.annotation.ProxyTransactionManagementConfiguration' of type [org.springframework.transaction.annotation.ProxyTransactionManagementConfiguration$$EnhancerBySpringCGLIB$$b44cb4c8] is not eligible for getting processed by all BeanPostProcessors (for example: not eligible for auto-proxying)
2021-05-18 17:18:25.157  INFO 19868 --- [    Test worker] o.s.b.w.embedded.tomcat.TomcatWebServer  : Tomcat initialized with port(s): 0 (http)
2021-05-18 17:18:25.213  INFO 19868 --- [    Test worker] o.apache.catalina.core.StandardService   : Starting service [Tomcat]
2021-05-18 17:18:25.214  INFO 19868 --- [    Test worker] org.apache.catalina.core.StandardEngine  : Starting Servlet engine: [Apache Tomcat/9.0.26]
2021-05-18 17:18:25.524  INFO 19868 --- [    Test worker] o.a.c.c.C.[Tomcat].[localhost].[/]       : Initializing Spring embedded WebApplicationContext
2021-05-18 17:18:25.525  INFO 19868 --- [    Test worker] o.s.web.context.ContextLoader            : Root WebApplicationContext: initialization completed in 1462 ms
2021-05-18 17:18:25.926  INFO 19868 --- [    Test worker] com.zaxxer.hikari.HikariDataSource       : HikariPool-2 - Starting...
2021-05-18 17:18:25.927  INFO 19868 --- [    Test worker] com.zaxxer.hikari.HikariDataSource       : HikariPool-2 - Start completed.
2021-05-18 17:18:25.994  INFO 19868 --- [    Test worker] o.hibernate.jpa.internal.util.LogHelper  : HHH000204: Processing PersistenceUnitInfo [
	name: default
	...]
2021-05-18 17:18:26.014  INFO 19868 --- [    Test worker] org.hibernate.dialect.Dialect            : HHH000400: Using dialect: org.hibernate.dialect.MySQL5InnoDBDialect
Hibernate: drop table if exists posts
Hibernate: drop table if exists user
Hibernate: create table posts (id bigint not null auto_increment, created_date datetime, modified_date datetime, author varchar(255), content TEXT not null, title varchar(500) not null, primary key (id)) engine=InnoDB
Hibernate: create table user (id bigint not null auto_increment, created_date datetime, modified_date datetime, email varchar(255) not null, name varchar(255) not null, picture varchar(255), role varchar(255) not null, primary key (id)) engine=InnoDB
2021-05-18 17:18:26.093  INFO 19868 --- [    Test worker] o.h.t.schema.internal.SchemaCreatorImpl  : HHH000476: Executing import script 'org.hibernate.tool.schema.internal.exec.ScriptSourceInputNonExistentImpl@6f16a56c'
2021-05-18 17:18:26.093  INFO 19868 --- [    Test worker] j.LocalContainerEntityManagerFactoryBean : Initialized JPA EntityManagerFactory for persistence unit 'default'
2021-05-18 17:18:26.671  INFO 19868 --- [    Test worker] o.h.h.i.QueryTranslatorFactoryInitiator  : HHH000397: Using ASTQueryTranslatorFactory
2021-05-18 17:18:26.935  INFO 19868 --- [    Test worker] o.s.s.web.DefaultSecurityFilterChain     : Creating filter chain: any request, [org.springframework.security.web.context.request.async.WebAsyncManagerIntegrationFilter@613e5460, org.springframework.security.web.context.SecurityContextPersistenceFilter@1249aea2, org.springframework.security.web.header.HeaderWriterFilter@3f2d9d21, org.springframework.security.web.authentication.logout.LogoutFilter@5e63a358, org.springframework.security.oauth2.client.web.OAuth2AuthorizationRequestRedirectFilter@557e3b66, org.springframework.security.oauth2.client.web.OAuth2LoginAuthenticationFilter@73ca0ddb, org.springframework.security.web.authentication.ui.DefaultLoginPageGeneratingFilter@1803174, org.springframework.security.web.authentication.ui.DefaultLogoutPageGeneratingFilter@6ba13ad7, org.springframework.security.web.savedrequest.RequestCacheAwareFilter@2a56cb43, org.springframework.security.web.servletapi.SecurityContextHolderAwareRequestFilter@79419fbd, org.springframework.security.web.authentication.AnonymousAuthenticationFilter@4fa089ce, org.springframework.security.web.session.SessionManagementFilter@abe40e9, org.springframework.security.web.access.ExceptionTranslationFilter@18241078, org.springframework.security.web.access.intercept.FilterSecurityInterceptor@586a4fe7]
2021-05-18 17:18:27.332  INFO 19868 --- [    Test worker] o.s.s.concurrent.ThreadPoolTaskExecutor  : Initializing ExecutorService 'applicationTaskExecutor'
2021-05-18 17:18:27.356  WARN 19868 --- [    Test worker] aWebConfiguration$JpaWebMvcConfiguration : spring.jpa.open-in-view is enabled by default. Therefore, database queries may be performed during view rendering. Explicitly configure spring.jpa.open-in-view to disable this warning
2021-05-18 17:18:27.411  INFO 19868 --- [    Test worker] o.s.b.a.w.s.WelcomePageHandlerMapping    : Adding welcome page template: index
2021-05-18 17:18:27.991  INFO 19868 --- [    Test worker] s.a.ScheduledAnnotationBeanPostProcessor : No TaskScheduler/ScheduledExecutorService bean found for scheduled processing
2021-05-18 17:18:28.027  INFO 19868 --- [    Test worker] o.s.b.w.embedded.tomcat.TomcatWebServer  : Tomcat started on port(s): 59709 (http) with context path ''
2021-05-18 17:18:28.029  INFO 19868 --- [    Test worker] com.dms.web.IndexControllerTest          : Started IndexControllerTest in 4.021 seconds (JVM running for 18.79)
2021-05-18 17:18:28.210  INFO 19868 --- [o-auto-1-exec-1] o.a.c.c.C.[Tomcat].[localhost].[/]       : Initializing Spring DispatcherServlet 'dispatcherServlet'
2021-05-18 17:18:28.211  INFO 19868 --- [o-auto-1-exec-1] o.s.web.servlet.DispatcherServlet        : Initializing Servlet 'dispatcherServlet'
2021-05-18 17:18:28.245  INFO 19868 --- [o-auto-1-exec-1] o.s.web.servlet.DispatcherServlet        : Completed initialization in 34 ms
Hibernate: select posts0_.id as id1_0_, posts0_.created_date as created_2_0_, posts0_.modified_date as modified3_0_, posts0_.author as author4_0_, posts0_.content as content5_0_, posts0_.title as title6_0_ from posts posts0_ order by posts0_.id DESC
]]></system-out>
  <system-err><![CDATA[]]></system-err>
</testsuite>
